CRITICAL - 2021-06-30 04:36:13 --> Undefined variable: firstName
#0 D:\xampp\htdocs\scholarinfosystem\app\Views\User\profile.php(74): CodeIgniter\Debug\Exceptions->errorHandler(8, 'Undefined varia...', 'D:\\xampp\\htdocs...', 74, Array)
#1 D:\xampp\htdocs\scholarinfosystem\vendor\codeigniter4\framework\system\View\View.php(230): include('D:\\xampp\\htdocs...')
#2 D:\xampp\htdocs\scholarinfosystem\vendor\codeigniter4\framework\system\View\View.php(232): CodeIgniter\View\View->CodeIgniter\View\{closure}()
#3 D:\xampp\htdocs\scholarinfosystem\vendor\codeigniter4\framework\system\Common.php(1271): CodeIgniter\View\View->render('user/profile', Array, true)
#4 D:\xampp\htdocs\scholarinfosystem\app\Controllers\User\Profile.php(17): view('user/profile', Array)
#5 D:\xampp\htdocs\scholarinfosystem\vendor\codeigniter4\framework\system\CodeIgniter.php(928): App\Controllers\User\Profile->index()
#6 D:\xampp\htdocs\scholarinfosystem\vendor\codeigniter4\framework\system\CodeIgniter.php(436): CodeIgniter\CodeIgniter->runController(Object(App\Controllers\User\Profile))
#7 D:\xampp\htdocs\scholarinfosystem\vendor\codeigniter4\framework\system\CodeIgniter.php(336): CodeIgniter\CodeIgniter->handleRequest(NULL, Object(Config\Cache), false)
#8 D:\xampp\htdocs\scholarinfosystem\public\index.php(37): CodeIgniter\CodeIgniter->run()
#9 D:\xampp\htdocs\scholarinfosystem\vendor\codeigniter4\framework\system\Commands\Server\rewrite.php(45): require_once('D:\\xampp\\htdocs...')
#10 {main}
CRITICAL - 2021-06-30 04:37:10 --> Undefined variable: data
#0 D:\xampp\htdocs\scholarinfosystem\app\Views\User\profile.php(74): CodeIgniter\Debug\Exceptions->errorHandler(8, 'Undefined varia...', 'D:\\xampp\\htdocs...', 74, Array)
#1 D:\xampp\htdocs\scholarinfosystem\vendor\codeigniter4\framework\system\View\View.php(230): include('D:\\xampp\\htdocs...')
#2 D:\xampp\htdocs\scholarinfosystem\vendor\codeigniter4\framework\system\View\View.php(232): CodeIgniter\View\View->CodeIgniter\View\{closure}()
#3 D:\xampp\htdocs\scholarinfosystem\vendor\codeigniter4\framework\system\Common.php(1271): CodeIgniter\View\View->render('user/profile', Array, true)
#4 D:\xampp\htdocs\scholarinfosystem\app\Controllers\User\Profile.php(17): view('user/profile', Array)
#5 D:\xampp\htdocs\scholarinfosystem\vendor\codeigniter4\framework\system\CodeIgniter.php(928): App\Controllers\User\Profile->index()
#6 D:\xampp\htdocs\scholarinfosystem\vendor\codeigniter4\framework\system\CodeIgniter.php(436): CodeIgniter\CodeIgniter->runController(Object(App\Controllers\User\Profile))
#7 D:\xampp\htdocs\scholarinfosystem\vendor\codeigniter4\framework\system\CodeIgniter.php(336): CodeIgniter\CodeIgniter->handleRequest(NULL, Object(Config\Cache), false)
#8 D:\xampp\htdocs\scholarinfosystem\public\index.php(37): CodeIgniter\CodeIgniter->run()
#9 D:\xampp\htdocs\scholarinfosystem\vendor\codeigniter4\framework\system\Commands\Server\rewrite.php(45): require_once('D:\\xampp\\htdocs...')
#10 {main}
CRITICAL - 2021-06-30 04:37:11 --> Undefined variable: data
#0 D:\xampp\htdocs\scholarinfosystem\app\Views\User\profile.php(74): CodeIgniter\Debug\Exceptions->errorHandler(8, 'Undefined varia...', 'D:\\xampp\\htdocs...', 74, Array)
#1 D:\xampp\htdocs\scholarinfosystem\vendor\codeigniter4\framework\system\View\View.php(230): include('D:\\xampp\\htdocs...')
#2 D:\xampp\htdocs\scholarinfosystem\vendor\codeigniter4\framework\system\View\View.php(232): CodeIgniter\View\View->CodeIgniter\View\{closure}()
#3 D:\xampp\htdocs\scholarinfosystem\vendor\codeigniter4\framework\system\Common.php(1271): CodeIgniter\View\View->render('user/profile', Array, true)
#4 D:\xampp\htdocs\scholarinfosystem\app\Controllers\User\Profile.php(17): view('user/profile', Array)
#5 D:\xampp\htdocs\scholarinfosystem\vendor\codeigniter4\framework\system\CodeIgniter.php(928): App\Controllers\User\Profile->index()
#6 D:\xampp\htdocs\scholarinfosystem\vendor\codeigniter4\framework\system\CodeIgniter.php(436): CodeIgniter\CodeIgniter->runController(Object(App\Controllers\User\Profile))
#7 D:\xampp\htdocs\scholarinfosystem\vendor\codeigniter4\framework\system\CodeIgniter.php(336): CodeIgniter\CodeIgniter->handleRequest(NULL, Object(Config\Cache), false)
#8 D:\xampp\htdocs\scholarinfosystem\public\index.php(37): CodeIgniter\CodeIgniter->run()
#9 D:\xampp\htdocs\scholarinfosystem\vendor\codeigniter4\framework\system\Commands\Server\rewrite.php(45): require_once('D:\\xampp\\htdocs...')
#10 {main}
CRITICAL - 2021-06-30 04:38:17 --> syntax error, unexpected '?>'
#0 D:\xampp\htdocs\scholarinfosystem\vendor\codeigniter4\framework\system\View\View.php(232): CodeIgniter\View\View->CodeIgniter\View\{closure}()
#1 D:\xampp\htdocs\scholarinfosystem\vendor\codeigniter4\framework\system\Common.php(1271): CodeIgniter\View\View->render('user/profile', Array, true)
#2 D:\xampp\htdocs\scholarinfosystem\app\Controllers\User\Profile.php(21): view('user/profile', Array)
#3 D:\xampp\htdocs\scholarinfosystem\vendor\codeigniter4\framework\system\CodeIgniter.php(928): App\Controllers\User\Profile->index()
#4 D:\xampp\htdocs\scholarinfosystem\vendor\codeigniter4\framework\system\CodeIgniter.php(436): CodeIgniter\CodeIgniter->runController(Object(App\Controllers\User\Profile))
#5 D:\xampp\htdocs\scholarinfosystem\vendor\codeigniter4\framework\system\CodeIgniter.php(336): CodeIgniter\CodeIgniter->handleRequest(NULL, Object(Config\Cache), false)
#6 D:\xampp\htdocs\scholarinfosystem\public\index.php(37): CodeIgniter\CodeIgniter->run()
#7 D:\xampp\htdocs\scholarinfosystem\vendor\codeigniter4\framework\system\Commands\Server\rewrite.php(45): require_once('D:\\xampp\\htdocs...')
#8 {main}
CRITICAL - 2021-06-30 04:42:55 --> Undefined variable: city
#0 D:\xampp\htdocs\scholarinfosystem\app\Views\User\profile.php(106): CodeIgniter\Debug\Exceptions->errorHandler(8, 'Undefined varia...', 'D:\\xampp\\htdocs...', 106, Array)
#1 D:\xampp\htdocs\scholarinfosystem\vendor\codeigniter4\framework\system\View\View.php(230): include('D:\\xampp\\htdocs...')
#2 D:\xampp\htdocs\scholarinfosystem\vendor\codeigniter4\framework\system\View\View.php(232): CodeIgniter\View\View->CodeIgniter\View\{closure}()
#3 D:\xampp\htdocs\scholarinfosystem\vendor\codeigniter4\framework\system\Common.php(1271): CodeIgniter\View\View->render('user/profile', Array, true)
#4 D:\xampp\htdocs\scholarinfosystem\app\Controllers\User\Profile.php(18): view('user/profile', Array)
#5 D:\xampp\htdocs\scholarinfosystem\vendor\codeigniter4\framework\system\CodeIgniter.php(928): App\Controllers\User\Profile->index()
#6 D:\xampp\htdocs\scholarinfosystem\vendor\codeigniter4\framework\system\CodeIgniter.php(436): CodeIgniter\CodeIgniter->runController(Object(App\Controllers\User\Profile))
#7 D:\xampp\htdocs\scholarinfosystem\vendor\codeigniter4\framework\system\CodeIgniter.php(336): CodeIgniter\CodeIgniter->handleRequest(NULL, Object(Config\Cache), false)
#8 D:\xampp\htdocs\scholarinfosystem\public\index.php(37): CodeIgniter\CodeIgniter->run()
#9 D:\xampp\htdocs\scholarinfosystem\vendor\codeigniter4\framework\system\Commands\Server\rewrite.php(45): require_once('D:\\xampp\\htdocs...')
#10 {main}
CRITICAL - 2021-06-30 05:07:47 --> Argument 2 passed to view() must be of the type array, null given, called in D:\xampp\htdocs\scholarinfosystem\app\Controllers\User\Profile.php on line 18
#0 D:\xampp\htdocs\scholarinfosystem\app\Controllers\User\Profile.php(18): view('user/profile', NULL)
#1 D:\xampp\htdocs\scholarinfosystem\vendor\codeigniter4\framework\system\CodeIgniter.php(928): App\Controllers\User\Profile->index()
#2 D:\xampp\htdocs\scholarinfosystem\vendor\codeigniter4\framework\system\CodeIgniter.php(436): CodeIgniter\CodeIgniter->runController(Object(App\Controllers\User\Profile))
#3 D:\xampp\htdocs\scholarinfosystem\vendor\codeigniter4\framework\system\CodeIgniter.php(336): CodeIgniter\CodeIgniter->handleRequest(NULL, Object(Config\Cache), false)
#4 D:\xampp\htdocs\scholarinfosystem\public\index.php(37): CodeIgniter\CodeIgniter->run()
#5 D:\xampp\htdocs\scholarinfosystem\vendor\codeigniter4\framework\system\Commands\Server\rewrite.php(45): require_once('D:\\xampp\\htdocs...')
#6 {main}
CRITICAL - 2021-06-30 05:07:51 --> Argument 2 passed to view() must be of the type array, null given, called in D:\xampp\htdocs\scholarinfosystem\app\Controllers\User\Profile.php on line 18
#0 D:\xampp\htdocs\scholarinfosystem\app\Controllers\User\Profile.php(18): view('user/profile', NULL)
#1 D:\xampp\htdocs\scholarinfosystem\vendor\codeigniter4\framework\system\CodeIgniter.php(928): App\Controllers\User\Profile->index()
#2 D:\xampp\htdocs\scholarinfosystem\vendor\codeigniter4\framework\system\CodeIgniter.php(436): CodeIgniter\CodeIgniter->runController(Object(App\Controllers\User\Profile))
#3 D:\xampp\htdocs\scholarinfosystem\vendor\codeigniter4\framework\system\CodeIgniter.php(336): CodeIgniter\CodeIgniter->handleRequest(NULL, Object(Config\Cache), false)
#4 D:\xampp\htdocs\scholarinfosystem\public\index.php(37): CodeIgniter\CodeIgniter->run()
#5 D:\xampp\htdocs\scholarinfosystem\vendor\codeigniter4\framework\system\Commands\Server\rewrite.php(45): require_once('D:\\xampp\\htdocs...')
#6 {main}
CRITICAL - 2021-06-30 05:07:57 --> Argument 2 passed to view() must be of the type array, null given, called in D:\xampp\htdocs\scholarinfosystem\app\Controllers\User\Profile.php on line 18
#0 D:\xampp\htdocs\scholarinfosystem\app\Controllers\User\Profile.php(18): view('user/profile', NULL)
#1 D:\xampp\htdocs\scholarinfosystem\vendor\codeigniter4\framework\system\CodeIgniter.php(928): App\Controllers\User\Profile->index()
#2 D:\xampp\htdocs\scholarinfosystem\vendor\codeigniter4\framework\system\CodeIgniter.php(436): CodeIgniter\CodeIgniter->runController(Object(App\Controllers\User\Profile))
#3 D:\xampp\htdocs\scholarinfosystem\vendor\codeigniter4\framework\system\CodeIgniter.php(336): CodeIgniter\CodeIgniter->handleRequest(NULL, Object(Config\Cache), false)
#4 D:\xampp\htdocs\scholarinfosystem\public\index.php(37): CodeIgniter\CodeIgniter->run()
#5 D:\xampp\htdocs\scholarinfosystem\vendor\codeigniter4\framework\system\Commands\Server\rewrite.php(45): require_once('D:\\xampp\\htdocs...')
#6 {main}
CRITICAL - 2021-06-30 05:09:34 --> Argument 2 passed to view() must be of the type array, null given, called in D:\xampp\htdocs\scholarinfosystem\app\Controllers\User\Profile.php on line 18
#0 D:\xampp\htdocs\scholarinfosystem\app\Controllers\User\Profile.php(18): view('user/profile', NULL)
#1 D:\xampp\htdocs\scholarinfosystem\vendor\codeigniter4\framework\system\CodeIgniter.php(928): App\Controllers\User\Profile->index()
#2 D:\xampp\htdocs\scholarinfosystem\vendor\codeigniter4\framework\system\CodeIgniter.php(436): CodeIgniter\CodeIgniter->runController(Object(App\Controllers\User\Profile))
#3 D:\xampp\htdocs\scholarinfosystem\vendor\codeigniter4\framework\system\CodeIgniter.php(336): CodeIgniter\CodeIgniter->handleRequest(NULL, Object(Config\Cache), false)
#4 D:\xampp\htdocs\scholarinfosystem\public\index.php(37): CodeIgniter\CodeIgniter->run()
#5 D:\xampp\htdocs\scholarinfosystem\vendor\codeigniter4\framework\system\Commands\Server\rewrite.php(45): require_once('D:\\xampp\\htdocs...')
#6 {main}
CRITICAL - 2021-06-30 05:09:44 --> Argument 2 passed to view() must be of the type array, null given, called in D:\xampp\htdocs\scholarinfosystem\app\Controllers\User\Profile.php on line 18
#0 D:\xampp\htdocs\scholarinfosystem\app\Controllers\User\Profile.php(18): view('user/profile', NULL)
#1 D:\xampp\htdocs\scholarinfosystem\vendor\codeigniter4\framework\system\CodeIgniter.php(928): App\Controllers\User\Profile->index()
#2 D:\xampp\htdocs\scholarinfosystem\vendor\codeigniter4\framework\system\CodeIgniter.php(436): CodeIgniter\CodeIgniter->runController(Object(App\Controllers\User\Profile))
#3 D:\xampp\htdocs\scholarinfosystem\vendor\codeigniter4\framework\system\CodeIgniter.php(336): CodeIgniter\CodeIgniter->handleRequest(NULL, Object(Config\Cache), false)
#4 D:\xampp\htdocs\scholarinfosystem\public\index.php(37): CodeIgniter\CodeIgniter->run()
#5 D:\xampp\htdocs\scholarinfosystem\vendor\codeigniter4\framework\system\Commands\Server\rewrite.php(45): require_once('D:\\xampp\\htdocs...')
#6 {main}
CRITICAL - 2021-06-30 05:09:53 --> Argument 2 passed to view() must be of the type array, null given, called in D:\xampp\htdocs\scholarinfosystem\app\Controllers\User\Profile.php on line 18
#0 D:\xampp\htdocs\scholarinfosystem\app\Controllers\User\Profile.php(18): view('user/profile', NULL)
#1 D:\xampp\htdocs\scholarinfosystem\vendor\codeigniter4\framework\system\CodeIgniter.php(928): App\Controllers\User\Profile->index()
#2 D:\xampp\htdocs\scholarinfosystem\vendor\codeigniter4\framework\system\CodeIgniter.php(436): CodeIgniter\CodeIgniter->runController(Object(App\Controllers\User\Profile))
#3 D:\xampp\htdocs\scholarinfosystem\vendor\codeigniter4\framework\system\CodeIgniter.php(336): CodeIgniter\CodeIgniter->handleRequest(NULL, Object(Config\Cache), false)
#4 D:\xampp\htdocs\scholarinfosystem\public\index.php(37): CodeIgniter\CodeIgniter->run()
#5 D:\xampp\htdocs\scholarinfosystem\vendor\codeigniter4\framework\system\Commands\Server\rewrite.php(45): require_once('D:\\xampp\\htdocs...')
#6 {main}
CRITICAL - 2021-06-30 05:09:56 --> Argument 2 passed to view() must be of the type array, null given, called in D:\xampp\htdocs\scholarinfosystem\app\Controllers\User\Profile.php on line 18
#0 D:\xampp\htdocs\scholarinfosystem\app\Controllers\User\Profile.php(18): view('user/profile', NULL)
#1 D:\xampp\htdocs\scholarinfosystem\vendor\codeigniter4\framework\system\CodeIgniter.php(928): App\Controllers\User\Profile->index()
#2 D:\xampp\htdocs\scholarinfosystem\vendor\codeigniter4\framework\system\CodeIgniter.php(436): CodeIgniter\CodeIgniter->runController(Object(App\Controllers\User\Profile))
#3 D:\xampp\htdocs\scholarinfosystem\vendor\codeigniter4\framework\system\CodeIgniter.php(336): CodeIgniter\CodeIgniter->handleRequest(NULL, Object(Config\Cache), false)
#4 D:\xampp\htdocs\scholarinfosystem\public\index.php(37): CodeIgniter\CodeIgniter->run()
#5 D:\xampp\htdocs\scholarinfosystem\vendor\codeigniter4\framework\system\Commands\Server\rewrite.php(45): require_once('D:\\xampp\\htdocs...')
#6 {main}
CRITICAL - 2021-06-30 05:09:59 --> Argument 2 passed to view() must be of the type array, null given, called in D:\xampp\htdocs\scholarinfosystem\app\Controllers\User\Profile.php on line 18
#0 D:\xampp\htdocs\scholarinfosystem\app\Controllers\User\Profile.php(18): view('user/profile', NULL)
#1 D:\xampp\htdocs\scholarinfosystem\vendor\codeigniter4\framework\system\CodeIgniter.php(928): App\Controllers\User\Profile->index()
#2 D:\xampp\htdocs\scholarinfosystem\vendor\codeigniter4\framework\system\CodeIgniter.php(436): CodeIgniter\CodeIgniter->runController(Object(App\Controllers\User\Profile))
#3 D:\xampp\htdocs\scholarinfosystem\vendor\codeigniter4\framework\system\CodeIgniter.php(336): CodeIgniter\CodeIgniter->handleRequest(NULL, Object(Config\Cache), false)
#4 D:\xampp\htdocs\scholarinfosystem\public\index.php(37): CodeIgniter\CodeIgniter->run()
#5 D:\xampp\htdocs\scholarinfosystem\vendor\codeigniter4\framework\system\Commands\Server\rewrite.php(45): require_once('D:\\xampp\\htdocs...')
#6 {main}
CRITICAL - 2021-06-30 05:10:49 --> Undefined variable: user_id
#0 D:\xampp\htdocs\scholarinfosystem\app\Controllers\User\Profile.php(15): CodeIgniter\Debug\Exceptions->errorHandler(8, 'Undefined varia...', 'D:\\xampp\\htdocs...', 15, Array)
#1 D:\xampp\htdocs\scholarinfosystem\vendor\codeigniter4\framework\system\CodeIgniter.php(928): App\Controllers\User\Profile->index()
#2 D:\xampp\htdocs\scholarinfosystem\vendor\codeigniter4\framework\system\CodeIgniter.php(436): CodeIgniter\CodeIgniter->runController(Object(App\Controllers\User\Profile))
#3 D:\xampp\htdocs\scholarinfosystem\vendor\codeigniter4\framework\system\CodeIgniter.php(336): CodeIgniter\CodeIgniter->handleRequest(NULL, Object(Config\Cache), false)
#4 D:\xampp\htdocs\scholarinfosystem\public\index.php(37): CodeIgniter\CodeIgniter->run()
#5 D:\xampp\htdocs\scholarinfosystem\vendor\codeigniter4\framework\system\Commands\Server\rewrite.php(45): require_once('D:\\xampp\\htdocs...')
#6 {main}
CRITICAL - 2021-06-30 05:11:05 --> Undefined variable: data
#0 D:\xampp\htdocs\scholarinfosystem\app\Controllers\User\Profile.php(21): CodeIgniter\Debug\Exceptions->errorHandler(8, 'Undefined varia...', 'D:\\xampp\\htdocs...', 21, Array)
#1 D:\xampp\htdocs\scholarinfosystem\vendor\codeigniter4\framework\system\CodeIgniter.php(928): App\Controllers\User\Profile->index()
#2 D:\xampp\htdocs\scholarinfosystem\vendor\codeigniter4\framework\system\CodeIgniter.php(436): CodeIgniter\CodeIgniter->runController(Object(App\Controllers\User\Profile))
#3 D:\xampp\htdocs\scholarinfosystem\vendor\codeigniter4\framework\system\CodeIgniter.php(336): CodeIgniter\CodeIgniter->handleRequest(NULL, Object(Config\Cache), false)
#4 D:\xampp\htdocs\scholarinfosystem\public\index.php(37): CodeIgniter\CodeIgniter->run()
#5 D:\xampp\htdocs\scholarinfosystem\vendor\codeigniter4\framework\system\Commands\Server\rewrite.php(45): require_once('D:\\xampp\\htdocs...')
#6 {main}
CRITICAL - 2021-06-30 05:11:16 --> Undefined variable: data
#0 D:\xampp\htdocs\scholarinfosystem\app\Controllers\User\Profile.php(23): CodeIgniter\Debug\Exceptions->errorHandler(8, 'Undefined varia...', 'D:\\xampp\\htdocs...', 23, Array)
#1 D:\xampp\htdocs\scholarinfosystem\vendor\codeigniter4\framework\system\CodeIgniter.php(928): App\Controllers\User\Profile->index()
#2 D:\xampp\htdocs\scholarinfosystem\vendor\codeigniter4\framework\system\CodeIgniter.php(436): CodeIgniter\CodeIgniter->runController(Object(App\Controllers\User\Profile))
#3 D:\xampp\htdocs\scholarinfosystem\vendor\codeigniter4\framework\system\CodeIgniter.php(336): CodeIgniter\CodeIgniter->handleRequest(NULL, Object(Config\Cache), false)
#4 D:\xampp\htdocs\scholarinfosystem\public\index.php(37): CodeIgniter\CodeIgniter->run()
#5 D:\xampp\htdocs\scholarinfosystem\vendor\codeigniter4\framework\system\Commands\Server\rewrite.php(45): require_once('D:\\xampp\\htdocs...')
#6 {main}
CRITICAL - 2021-06-30 05:11:19 --> Undefined variable: data
#0 D:\xampp\htdocs\scholarinfosystem\app\Controllers\User\Profile.php(23): CodeIgniter\Debug\Exceptions->errorHandler(8, 'Undefined varia...', 'D:\\xampp\\htdocs...', 23, Array)
#1 D:\xampp\htdocs\scholarinfosystem\vendor\codeigniter4\framework\system\CodeIgniter.php(928): App\Controllers\User\Profile->index()
#2 D:\xampp\htdocs\scholarinfosystem\vendor\codeigniter4\framework\system\CodeIgniter.php(436): CodeIgniter\CodeIgniter->runController(Object(App\Controllers\User\Profile))
#3 D:\xampp\htdocs\scholarinfosystem\vendor\codeigniter4\framework\system\CodeIgniter.php(336): CodeIgniter\CodeIgniter->handleRequest(NULL, Object(Config\Cache), false)
#4 D:\xampp\htdocs\scholarinfosystem\public\index.php(37): CodeIgniter\CodeIgniter->run()
#5 D:\xampp\htdocs\scholarinfosystem\vendor\codeigniter4\framework\system\Commands\Server\rewrite.php(45): require_once('D:\\xampp\\htdocs...')
#6 {main}
CRITICAL - 2021-06-30 05:12:03 --> Undefined variable: first_name
#0 D:\xampp\htdocs\scholarinfosystem\app\Views\User\profile.php(74): CodeIgniter\Debug\Exceptions->errorHandler(8, 'Undefined varia...', 'D:\\xampp\\htdocs...', 74, Array)
#1 D:\xampp\htdocs\scholarinfosystem\vendor\codeigniter4\framework\system\View\View.php(230): include('D:\\xampp\\htdocs...')
#2 D:\xampp\htdocs\scholarinfosystem\vendor\codeigniter4\framework\system\View\View.php(232): CodeIgniter\View\View->CodeIgniter\View\{closure}()
#3 D:\xampp\htdocs\scholarinfosystem\vendor\codeigniter4\framework\system\Common.php(1271): CodeIgniter\View\View->render('user/profile', Array, true)
#4 D:\xampp\htdocs\scholarinfosystem\app\Controllers\User\Profile.php(21): view('user/profile', Array)
#5 D:\xampp\htdocs\scholarinfosystem\vendor\codeigniter4\framework\system\CodeIgniter.php(928): App\Controllers\User\Profile->index()
#6 D:\xampp\htdocs\scholarinfosystem\vendor\codeigniter4\framework\system\CodeIgniter.php(436): CodeIgniter\CodeIgniter->runController(Object(App\Controllers\User\Profile))
#7 D:\xampp\htdocs\scholarinfosystem\vendor\codeigniter4\framework\system\CodeIgniter.php(336): CodeIgniter\CodeIgniter->handleRequest(NULL, Object(Config\Cache), false)
#8 D:\xampp\htdocs\scholarinfosystem\public\index.php(37): CodeIgniter\CodeIgniter->run()
#9 D:\xampp\htdocs\scholarinfosystem\vendor\codeigniter4\framework\system\Commands\Server\rewrite.php(45): require_once('D:\\xampp\\htdocs...')
#10 {main}
CRITICAL - 2021-06-30 05:12:06 --> Undefined variable: first_name
#0 D:\xampp\htdocs\scholarinfosystem\app\Views\User\profile.php(74): CodeIgniter\Debug\Exceptions->errorHandler(8, 'Undefined varia...', 'D:\\xampp\\htdocs...', 74, Array)
#1 D:\xampp\htdocs\scholarinfosystem\vendor\codeigniter4\framework\system\View\View.php(230): include('D:\\xampp\\htdocs...')
#2 D:\xampp\htdocs\scholarinfosystem\vendor\codeigniter4\framework\system\View\View.php(232): CodeIgniter\View\View->CodeIgniter\View\{closure}()
#3 D:\xampp\htdocs\scholarinfosystem\vendor\codeigniter4\framework\system\Common.php(1271): CodeIgniter\View\View->render('user/profile', Array, true)
#4 D:\xampp\htdocs\scholarinfosystem\app\Controllers\User\Profile.php(21): view('user/profile', Array)
#5 D:\xampp\htdocs\scholarinfosystem\vendor\codeigniter4\framework\system\CodeIgniter.php(928): App\Controllers\User\Profile->index()
#6 D:\xampp\htdocs\scholarinfosystem\vendor\codeigniter4\framework\system\CodeIgniter.php(436): CodeIgniter\CodeIgniter->runController(Object(App\Controllers\User\Profile))
#7 D:\xampp\htdocs\scholarinfosystem\vendor\codeigniter4\framework\system\CodeIgniter.php(336): CodeIgniter\CodeIgniter->handleRequest(NULL, Object(Config\Cache), false)
#8 D:\xampp\htdocs\scholarinfosystem\public\index.php(37): CodeIgniter\CodeIgniter->run()
#9 D:\xampp\htdocs\scholarinfosystem\vendor\codeigniter4\framework\system\Commands\Server\rewrite.php(45): require_once('D:\\xampp\\htdocs...')
#10 {main}
CRITICAL - 2021-06-30 05:12:41 --> Undefined variable: data
#0 D:\xampp\htdocs\scholarinfosystem\app\Controllers\User\Profile.php(17): CodeIgniter\Debug\Exceptions->errorHandler(8, 'Undefined varia...', 'D:\\xampp\\htdocs...', 17, Array)
#1 D:\xampp\htdocs\scholarinfosystem\vendor\codeigniter4\framework\system\CodeIgniter.php(928): App\Controllers\User\Profile->index()
#2 D:\xampp\htdocs\scholarinfosystem\vendor\codeigniter4\framework\system\CodeIgniter.php(436): CodeIgniter\CodeIgniter->runController(Object(App\Controllers\User\Profile))
#3 D:\xampp\htdocs\scholarinfosystem\vendor\codeigniter4\framework\system\CodeIgniter.php(336): CodeIgniter\CodeIgniter->handleRequest(NULL, Object(Config\Cache), false)
#4 D:\xampp\htdocs\scholarinfosystem\public\index.php(37): CodeIgniter\CodeIgniter->run()
#5 D:\xampp\htdocs\scholarinfosystem\vendor\codeigniter4\framework\system\Commands\Server\rewrite.php(45): require_once('D:\\xampp\\htdocs...')
#6 {main}
CRITICAL - 2021-06-30 08:21:39 --> Undefined variable: validation
#0 D:\xampp\htdocs\scholarinfosystem\app\Views\register.php(74): CodeIgniter\Debug\Exceptions->errorHandler(8, 'Undefined varia...', 'D:\\xampp\\htdocs...', 74, Array)
#1 D:\xampp\htdocs\scholarinfosystem\vendor\codeigniter4\framework\system\View\View.php(230): include('D:\\xampp\\htdocs...')
#2 D:\xampp\htdocs\scholarinfosystem\vendor\codeigniter4\framework\system\View\View.php(232): CodeIgniter\View\View->CodeIgniter\View\{closure}()
#3 D:\xampp\htdocs\scholarinfosystem\vendor\codeigniter4\framework\system\Common.php(1271): CodeIgniter\View\View->render('register', Array, true)
#4 D:\xampp\htdocs\scholarinfosystem\app\Controllers\Register.php(12): view('register')
#5 D:\xampp\htdocs\scholarinfosystem\vendor\codeigniter4\framework\system\CodeIgniter.php(928): App\Controllers\Register->index()
#6 D:\xampp\htdocs\scholarinfosystem\vendor\codeigniter4\framework\system\CodeIgniter.php(436): CodeIgniter\CodeIgniter->runController(Object(App\Controllers\Register))
#7 D:\xampp\htdocs\scholarinfosystem\vendor\codeigniter4\framework\system\CodeIgniter.php(336): CodeIgniter\CodeIgniter->handleRequest(NULL, Object(Config\Cache), false)
#8 D:\xampp\htdocs\scholarinfosystem\public\index.php(37): CodeIgniter\CodeIgniter->run()
#9 D:\xampp\htdocs\scholarinfosystem\vendor\codeigniter4\framework\system\Commands\Server\rewrite.php(45): require_once('D:\\xampp\\htdocs...')
#10 {main}
CRITICAL - 2021-06-30 08:33:57 --> Undefined variable: validation
#0 D:\xampp\htdocs\scholarinfosystem\app\Views\register.php(73): CodeIgniter\Debug\Exceptions->errorHandler(8, 'Undefined varia...', 'D:\\xampp\\htdocs...', 73, Array)
#1 D:\xampp\htdocs\scholarinfosystem\vendor\codeigniter4\framework\system\View\View.php(230): include('D:\\xampp\\htdocs...')
#2 D:\xampp\htdocs\scholarinfosystem\vendor\codeigniter4\framework\system\View\View.php(232): CodeIgniter\View\View->CodeIgniter\View\{closure}()
#3 D:\xampp\htdocs\scholarinfosystem\vendor\codeigniter4\framework\system\Common.php(1271): CodeIgniter\View\View->render('register', Array, true)
#4 D:\xampp\htdocs\scholarinfosystem\app\Controllers\Register.php(12): view('register')
#5 D:\xampp\htdocs\scholarinfosystem\vendor\codeigniter4\framework\system\CodeIgniter.php(928): App\Controllers\Register->index()
#6 D:\xampp\htdocs\scholarinfosystem\vendor\codeigniter4\framework\system\CodeIgniter.php(436): CodeIgniter\CodeIgniter->runController(Object(App\Controllers\Register))
#7 D:\xampp\htdocs\scholarinfosystem\vendor\codeigniter4\framework\system\CodeIgniter.php(336): CodeIgniter\CodeIgniter->handleRequest(NULL, Object(Config\Cache), false)
#8 D:\xampp\htdocs\scholarinfosystem\public\index.php(37): CodeIgniter\CodeIgniter->run()
#9 D:\xampp\htdocs\scholarinfosystem\vendor\codeigniter4\framework\system\Commands\Server\rewrite.php(45): require_once('D:\\xampp\\htdocs...')
#10 {main}
CRITICAL - 2021-06-30 08:34:00 --> Undefined variable: validation
#0 D:\xampp\htdocs\scholarinfosystem\app\Views\register.php(73): CodeIgniter\Debug\Exceptions->errorHandler(8, 'Undefined varia...', 'D:\\xampp\\htdocs...', 73, Array)
#1 D:\xampp\htdocs\scholarinfosystem\vendor\codeigniter4\framework\system\View\View.php(230): include('D:\\xampp\\htdocs...')
#2 D:\xampp\htdocs\scholarinfosystem\vendor\codeigniter4\framework\system\View\View.php(232): CodeIgniter\View\View->CodeIgniter\View\{closure}()
#3 D:\xampp\htdocs\scholarinfosystem\vendor\codeigniter4\framework\system\Common.php(1271): CodeIgniter\View\View->render('register', Array, true)
#4 D:\xampp\htdocs\scholarinfosystem\app\Controllers\Register.php(12): view('register')
#5 D:\xampp\htdocs\scholarinfosystem\vendor\codeigniter4\framework\system\CodeIgniter.php(928): App\Controllers\Register->index()
#6 D:\xampp\htdocs\scholarinfosystem\vendor\codeigniter4\framework\system\CodeIgniter.php(436): CodeIgniter\CodeIgniter->runController(Object(App\Controllers\Register))
#7 D:\xampp\htdocs\scholarinfosystem\vendor\codeigniter4\framework\system\CodeIgniter.php(336): CodeIgniter\CodeIgniter->handleRequest(NULL, Object(Config\Cache), false)
#8 D:\xampp\htdocs\scholarinfosystem\public\index.php(37): CodeIgniter\CodeIgniter->run()
#9 D:\xampp\htdocs\scholarinfosystem\vendor\codeigniter4\framework\system\Commands\Server\rewrite.php(45): require_once('D:\\xampp\\htdocs...')
#10 {main}
CRITICAL - 2021-06-30 08:34:01 --> Undefined variable: validation
#0 D:\xampp\htdocs\scholarinfosystem\app\Views\register.php(73): CodeIgniter\Debug\Exceptions->errorHandler(8, 'Undefined varia...', 'D:\\xampp\\htdocs...', 73, Array)
#1 D:\xampp\htdocs\scholarinfosystem\vendor\codeigniter4\framework\system\View\View.php(230): include('D:\\xampp\\htdocs...')
#2 D:\xampp\htdocs\scholarinfosystem\vendor\codeigniter4\framework\system\View\View.php(232): CodeIgniter\View\View->CodeIgniter\View\{closure}()
#3 D:\xampp\htdocs\scholarinfosystem\vendor\codeigniter4\framework\system\Common.php(1271): CodeIgniter\View\View->render('register', Array, true)
#4 D:\xampp\htdocs\scholarinfosystem\app\Controllers\Register.php(12): view('register')
#5 D:\xampp\htdocs\scholarinfosystem\vendor\codeigniter4\framework\system\CodeIgniter.php(928): App\Controllers\Register->index()
#6 D:\xampp\htdocs\scholarinfosystem\vendor\codeigniter4\framework\system\CodeIgniter.php(436): CodeIgniter\CodeIgniter->runController(Object(App\Controllers\Register))
#7 D:\xampp\htdocs\scholarinfosystem\vendor\codeigniter4\framework\system\CodeIgniter.php(336): CodeIgniter\CodeIgniter->handleRequest(NULL, Object(Config\Cache), false)
#8 D:\xampp\htdocs\scholarinfosystem\public\index.php(37): CodeIgniter\CodeIgniter->run()
#9 D:\xampp\htdocs\scholarinfosystem\vendor\codeigniter4\framework\system\Commands\Server\rewrite.php(45): require_once('D:\\xampp\\htdocs...')
#10 {main}
CRITICAL - 2021-06-30 08:42:54 --> Undefined variable: validation
#0 D:\xampp\htdocs\scholarinfosystem\app\Views\register.php(100): CodeIgniter\Debug\Exceptions->errorHandler(8, 'Undefined varia...', 'D:\\xampp\\htdocs...', 100, Array)
#1 D:\xampp\htdocs\scholarinfosystem\vendor\codeigniter4\framework\system\View\View.php(230): include('D:\\xampp\\htdocs...')
#2 D:\xampp\htdocs\scholarinfosystem\vendor\codeigniter4\framework\system\View\View.php(232): CodeIgniter\View\View->CodeIgniter\View\{closure}()
#3 D:\xampp\htdocs\scholarinfosystem\vendor\codeigniter4\framework\system\Common.php(1271): CodeIgniter\View\View->render('register', Array, true)
#4 D:\xampp\htdocs\scholarinfosystem\app\Controllers\Register.php(12): view('register')
#5 D:\xampp\htdocs\scholarinfosystem\vendor\codeigniter4\framework\system\CodeIgniter.php(928): App\Controllers\Register->index()
#6 D:\xampp\htdocs\scholarinfosystem\vendor\codeigniter4\framework\system\CodeIgniter.php(436): CodeIgniter\CodeIgniter->runController(Object(App\Controllers\Register))
#7 D:\xampp\htdocs\scholarinfosystem\vendor\codeigniter4\framework\system\CodeIgniter.php(336): CodeIgniter\CodeIgniter->handleRequest(NULL, Object(Config\Cache), false)
#8 D:\xampp\htdocs\scholarinfosystem\public\index.php(37): CodeIgniter\CodeIgniter->run()
#9 D:\xampp\htdocs\scholarinfosystem\vendor\codeigniter4\framework\system\Commands\Server\rewrite.php(45): require_once('D:\\xampp\\htdocs...')
#10 {main}
CRITICAL - 2021-06-30 08:55:54 --> A non-numeric value encountered
#0 D:\xampp\htdocs\scholarinfosystem\app\Controllers\User\Profile.php(15): CodeIgniter\Debug\Exceptions->errorHandler(2, 'A non-numeric v...', 'D:\\xampp\\htdocs...', 15, Array)
#1 D:\xampp\htdocs\scholarinfosystem\vendor\codeigniter4\framework\system\CodeIgniter.php(928): App\Controllers\User\Profile->index()
#2 D:\xampp\htdocs\scholarinfosystem\vendor\codeigniter4\framework\system\CodeIgniter.php(436): CodeIgniter\CodeIgniter->runController(Object(App\Controllers\User\Profile))
#3 D:\xampp\htdocs\scholarinfosystem\vendor\codeigniter4\framework\system\CodeIgniter.php(336): CodeIgniter\CodeIgniter->handleRequest(NULL, Object(Config\Cache), false)
#4 D:\xampp\htdocs\scholarinfosystem\public\index.php(37): CodeIgniter\CodeIgniter->run()
#5 D:\xampp\htdocs\scholarinfosystem\vendor\codeigniter4\framework\system\Commands\Server\rewrite.php(45): require_once('D:\\xampp\\htdocs...')
#6 {main}
CRITICAL - 2021-06-30 08:56:28 --> A non-numeric value encountered
#0 D:\xampp\htdocs\scholarinfosystem\app\Controllers\User\Profile.php(15): CodeIgniter\Debug\Exceptions->errorHandler(2, 'A non-numeric v...', 'D:\\xampp\\htdocs...', 15, Array)
#1 D:\xampp\htdocs\scholarinfosystem\vendor\codeigniter4\framework\system\CodeIgniter.php(928): App\Controllers\User\Profile->index()
#2 D:\xampp\htdocs\scholarinfosystem\vendor\codeigniter4\framework\system\CodeIgniter.php(436): CodeIgniter\CodeIgniter->runController(Object(App\Controllers\User\Profile))
#3 D:\xampp\htdocs\scholarinfosystem\vendor\codeigniter4\framework\system\CodeIgniter.php(336): CodeIgniter\CodeIgniter->handleRequest(NULL, Object(Config\Cache), false)
#4 D:\xampp\htdocs\scholarinfosystem\public\index.php(37): CodeIgniter\CodeIgniter->run()
#5 D:\xampp\htdocs\scholarinfosystem\vendor\codeigniter4\framework\system\Commands\Server\rewrite.php(45): require_once('D:\\xampp\\htdocs...')
#6 {main}
CRITICAL - 2021-06-30 08:57:49 --> Undefined variable: full_name
#0 D:\xampp\htdocs\scholarinfosystem\app\Views\User\profile.php(50): CodeIgniter\Debug\Exceptions->errorHandler(8, 'Undefined varia...', 'D:\\xampp\\htdocs...', 50, Array)
#1 D:\xampp\htdocs\scholarinfosystem\vendor\codeigniter4\framework\system\View\View.php(230): include('D:\\xampp\\htdocs...')
#2 D:\xampp\htdocs\scholarinfosystem\vendor\codeigniter4\framework\system\View\View.php(232): CodeIgniter\View\View->CodeIgniter\View\{closure}()
#3 D:\xampp\htdocs\scholarinfosystem\vendor\codeigniter4\framework\system\Common.php(1271): CodeIgniter\View\View->render('user/profile', Array, true)
#4 D:\xampp\htdocs\scholarinfosystem\app\Controllers\User\Profile.php(20): view('user/profile', Array)
#5 D:\xampp\htdocs\scholarinfosystem\vendor\codeigniter4\framework\system\CodeIgniter.php(928): App\Controllers\User\Profile->index()
#6 D:\xampp\htdocs\scholarinfosystem\vendor\codeigniter4\framework\system\CodeIgniter.php(436): CodeIgniter\CodeIgniter->runController(Object(App\Controllers\User\Profile))
#7 D:\xampp\htdocs\scholarinfosystem\vendor\codeigniter4\framework\system\CodeIgniter.php(336): CodeIgniter\CodeIgniter->handleRequest(NULL, Object(Config\Cache), false)
#8 D:\xampp\htdocs\scholarinfosystem\public\index.php(37): CodeIgniter\CodeIgniter->run()
#9 D:\xampp\htdocs\scholarinfosystem\vendor\codeigniter4\framework\system\Commands\Server\rewrite.php(45): require_once('D:\\xampp\\htdocs...')
#10 {main}
CRITICAL - 2021-06-30 08:58:06 --> Undefined variable: full_name
#0 D:\xampp\htdocs\scholarinfosystem\app\Views\User\profile.php(50): CodeIgniter\Debug\Exceptions->errorHandler(8, 'Undefined varia...', 'D:\\xampp\\htdocs...', 50, Array)
#1 D:\xampp\htdocs\scholarinfosystem\vendor\codeigniter4\framework\system\View\View.php(230): include('D:\\xampp\\htdocs...')
#2 D:\xampp\htdocs\scholarinfosystem\vendor\codeigniter4\framework\system\View\View.php(232): CodeIgniter\View\View->CodeIgniter\View\{closure}()
#3 D:\xampp\htdocs\scholarinfosystem\vendor\codeigniter4\framework\system\Common.php(1271): CodeIgniter\View\View->render('user/profile', Array, true)
#4 D:\xampp\htdocs\scholarinfosystem\app\Controllers\User\Profile.php(20): view('user/profile', Array)
#5 D:\xampp\htdocs\scholarinfosystem\vendor\codeigniter4\framework\system\CodeIgniter.php(928): App\Controllers\User\Profile->index()
#6 D:\xampp\htdocs\scholarinfosystem\vendor\codeigniter4\framework\system\CodeIgniter.php(436): CodeIgniter\CodeIgniter->runController(Object(App\Controllers\User\Profile))
#7 D:\xampp\htdocs\scholarinfosystem\vendor\codeigniter4\framework\system\CodeIgniter.php(336): CodeIgniter\CodeIgniter->handleRequest(NULL, Object(Config\Cache), false)
#8 D:\xampp\htdocs\scholarinfosystem\public\index.php(37): CodeIgniter\CodeIgniter->run()
#9 D:\xampp\htdocs\scholarinfosystem\vendor\codeigniter4\framework\system\Commands\Server\rewrite.php(45): require_once('D:\\xampp\\htdocs...')
#10 {main}
CRITICAL - 2021-06-30 08:58:07 --> Undefined variable: full_name
#0 D:\xampp\htdocs\scholarinfosystem\app\Views\User\profile.php(50): CodeIgniter\Debug\Exceptions->errorHandler(8, 'Undefined varia...', 'D:\\xampp\\htdocs...', 50, Array)
#1 D:\xampp\htdocs\scholarinfosystem\vendor\codeigniter4\framework\system\View\View.php(230): include('D:\\xampp\\htdocs...')
#2 D:\xampp\htdocs\scholarinfosystem\vendor\codeigniter4\framework\system\View\View.php(232): CodeIgniter\View\View->CodeIgniter\View\{closure}()
#3 D:\xampp\htdocs\scholarinfosystem\vendor\codeigniter4\framework\system\Common.php(1271): CodeIgniter\View\View->render('user/profile', Array, true)
#4 D:\xampp\htdocs\scholarinfosystem\app\Controllers\User\Profile.php(20): view('user/profile', Array)
#5 D:\xampp\htdocs\scholarinfosystem\vendor\codeigniter4\framework\system\CodeIgniter.php(928): App\Controllers\User\Profile->index()
#6 D:\xampp\htdocs\scholarinfosystem\vendor\codeigniter4\framework\system\CodeIgniter.php(436): CodeIgniter\CodeIgniter->runController(Object(App\Controllers\User\Profile))
#7 D:\xampp\htdocs\scholarinfosystem\vendor\codeigniter4\framework\system\CodeIgniter.php(336): CodeIgniter\CodeIgniter->handleRequest(NULL, Object(Config\Cache), false)
#8 D:\xampp\htdocs\scholarinfosystem\public\index.php(37): CodeIgniter\CodeIgniter->run()
#9 D:\xampp\htdocs\scholarinfosystem\vendor\codeigniter4\framework\system\Commands\Server\rewrite.php(45): require_once('D:\\xampp\\htdocs...')
#10 {main}
CRITICAL - 2021-06-30 08:58:08 --> Undefined variable: full_name
#0 D:\xampp\htdocs\scholarinfosystem\app\Views\User\profile.php(50): CodeIgniter\Debug\Exceptions->errorHandler(8, 'Undefined varia...', 'D:\\xampp\\htdocs...', 50, Array)
#1 D:\xampp\htdocs\scholarinfosystem\vendor\codeigniter4\framework\system\View\View.php(230): include('D:\\xampp\\htdocs...')
#2 D:\xampp\htdocs\scholarinfosystem\vendor\codeigniter4\framework\system\View\View.php(232): CodeIgniter\View\View->CodeIgniter\View\{closure}()
#3 D:\xampp\htdocs\scholarinfosystem\vendor\codeigniter4\framework\system\Common.php(1271): CodeIgniter\View\View->render('user/profile', Array, true)
#4 D:\xampp\htdocs\scholarinfosystem\app\Controllers\User\Profile.php(20): view('user/profile', Array)
#5 D:\xampp\htdocs\scholarinfosystem\vendor\codeigniter4\framework\system\CodeIgniter.php(928): App\Controllers\User\Profile->index()
#6 D:\xampp\htdocs\scholarinfosystem\vendor\codeigniter4\framework\system\CodeIgniter.php(436): CodeIgniter\CodeIgniter->runController(Object(App\Controllers\User\Profile))
#7 D:\xampp\htdocs\scholarinfosystem\vendor\codeigniter4\framework\system\CodeIgniter.php(336): CodeIgniter\CodeIgniter->handleRequest(NULL, Object(Config\Cache), false)
#8 D:\xampp\htdocs\scholarinfosystem\public\index.php(37): CodeIgniter\CodeIgniter->run()
#9 D:\xampp\htdocs\scholarinfosystem\vendor\codeigniter4\framework\system\Commands\Server\rewrite.php(45): require_once('D:\\xampp\\htdocs...')
#10 {main}
CRITICAL - 2021-06-30 08:58:09 --> Undefined variable: full_name
#0 D:\xampp\htdocs\scholarinfosystem\app\Views\User\profile.php(50): CodeIgniter\Debug\Exceptions->errorHandler(8, 'Undefined varia...', 'D:\\xampp\\htdocs...', 50, Array)
#1 D:\xampp\htdocs\scholarinfosystem\vendor\codeigniter4\framework\system\View\View.php(230): include('D:\\xampp\\htdocs...')
#2 D:\xampp\htdocs\scholarinfosystem\vendor\codeigniter4\framework\system\View\View.php(232): CodeIgniter\View\View->CodeIgniter\View\{closure}()
#3 D:\xampp\htdocs\scholarinfosystem\vendor\codeigniter4\framework\system\Common.php(1271): CodeIgniter\View\View->render('user/profile', Array, true)
#4 D:\xampp\htdocs\scholarinfosystem\app\Controllers\User\Profile.php(20): view('user/profile', Array)
#5 D:\xampp\htdocs\scholarinfosystem\vendor\codeigniter4\framework\system\CodeIgniter.php(928): App\Controllers\User\Profile->index()
#6 D:\xampp\htdocs\scholarinfosystem\vendor\codeigniter4\framework\system\CodeIgniter.php(436): CodeIgniter\CodeIgniter->runController(Object(App\Controllers\User\Profile))
#7 D:\xampp\htdocs\scholarinfosystem\vendor\codeigniter4\framework\system\CodeIgniter.php(336): CodeIgniter\CodeIgniter->handleRequest(NULL, Object(Config\Cache), false)
#8 D:\xampp\htdocs\scholarinfosystem\public\index.php(37): CodeIgniter\CodeIgniter->run()
#9 D:\xampp\htdocs\scholarinfosystem\vendor\codeigniter4\framework\system\Commands\Server\rewrite.php(45): require_once('D:\\xampp\\htdocs...')
#10 {main}
CRITICAL - 2021-06-30 08:58:41 --> Trying to get property 'first_name' of non-object
#0 D:\xampp\htdocs\scholarinfosystem\app\Controllers\User\Profile.php(15): CodeIgniter\Debug\Exceptions->errorHandler(8, 'Trying to get p...', 'D:\\xampp\\htdocs...', 15, Array)
#1 D:\xampp\htdocs\scholarinfosystem\vendor\codeigniter4\framework\system\CodeIgniter.php(928): App\Controllers\User\Profile->index()
#2 D:\xampp\htdocs\scholarinfosystem\vendor\codeigniter4\framework\system\CodeIgniter.php(436): CodeIgniter\CodeIgniter->runController(Object(App\Controllers\User\Profile))
#3 D:\xampp\htdocs\scholarinfosystem\vendor\codeigniter4\framework\system\CodeIgniter.php(336): CodeIgniter\CodeIgniter->handleRequest(NULL, Object(Config\Cache), false)
#4 D:\xampp\htdocs\scholarinfosystem\public\index.php(37): CodeIgniter\CodeIgniter->run()
#5 D:\xampp\htdocs\scholarinfosystem\vendor\codeigniter4\framework\system\Commands\Server\rewrite.php(45): require_once('D:\\xampp\\htdocs...')
#6 {main}
CRITICAL - 2021-06-30 08:59:16 --> A non-numeric value encountered
#0 D:\xampp\htdocs\scholarinfosystem\app\Controllers\User\Profile.php(15): CodeIgniter\Debug\Exceptions->errorHandler(2, 'A non-numeric v...', 'D:\\xampp\\htdocs...', 15, Array)
#1 D:\xampp\htdocs\scholarinfosystem\vendor\codeigniter4\framework\system\CodeIgniter.php(928): App\Controllers\User\Profile->index()
#2 D:\xampp\htdocs\scholarinfosystem\vendor\codeigniter4\framework\system\CodeIgniter.php(436): CodeIgniter\CodeIgniter->runController(Object(App\Controllers\User\Profile))
#3 D:\xampp\htdocs\scholarinfosystem\vendor\codeigniter4\framework\system\CodeIgniter.php(336): CodeIgniter\CodeIgniter->handleRequest(NULL, Object(Config\Cache), false)
#4 D:\xampp\htdocs\scholarinfosystem\public\index.php(37): CodeIgniter\CodeIgniter->run()
#5 D:\xampp\htdocs\scholarinfosystem\vendor\codeigniter4\framework\system\Commands\Server\rewrite.php(45): require_once('D:\\xampp\\htdocs...')
#6 {main}
CRITICAL - 2021-06-30 09:49:08 --> Invalid file: sidebar.php
#0 D:\xampp\htdocs\scholarinfosystem\vendor\codeigniter4\framework\system\View\View.php(213): CodeIgniter\Exceptions\FrameworkException::forInvalidFile('sidebar.php')
#1 D:\xampp\htdocs\scholarinfosystem\vendor\codeigniter4\framework\system\View\View.php(487): CodeIgniter\View\View->render('sidebar', NULL, true)
#2 D:\xampp\htdocs\scholarinfosystem\app\Views\home.php(4): CodeIgniter\View\View->include('sidebar')
#3 D:\xampp\htdocs\scholarinfosystem\vendor\codeigniter4\framework\system\View\View.php(230): include('D:\\xampp\\htdocs...')
#4 D:\xampp\htdocs\scholarinfosystem\vendor\codeigniter4\framework\system\View\View.php(232): CodeIgniter\View\View->CodeIgniter\View\{closure}()
#5 D:\xampp\htdocs\scholarinfosystem\vendor\codeigniter4\framework\system\Common.php(1271): CodeIgniter\View\View->render('home', Array, true)
#6 D:\xampp\htdocs\scholarinfosystem\app\Controllers\Home.php(11): view('home', Array)
#7 D:\xampp\htdocs\scholarinfosystem\vendor\codeigniter4\framework\system\CodeIgniter.php(928): App\Controllers\Home->index()
#8 D:\xampp\htdocs\scholarinfosystem\vendor\codeigniter4\framework\system\CodeIgniter.php(436): CodeIgniter\CodeIgniter->runController(Object(App\Controllers\Home))
#9 D:\xampp\htdocs\scholarinfosystem\vendor\codeigniter4\framework\system\CodeIgniter.php(336): CodeIgniter\CodeIgniter->handleRequest(NULL, Object(Config\Cache), false)
#10 D:\xampp\htdocs\scholarinfosystem\public\index.php(37): CodeIgniter\CodeIgniter->run()
#11 D:\xampp\htdocs\scholarinfosystem\vendor\codeigniter4\framework\system\Commands\Server\rewrite.php(45): require_once('D:\\xampp\\htdocs...')
#12 {main}
CRITICAL - 2021-06-30 09:49:17 --> Undefined variable: title
#0 D:\xampp\htdocs\scholarinfosystem\app\Views\main.php(15): CodeIgniter\Debug\Exceptions->errorHandler(8, 'Undefined varia...', 'D:\\xampp\\htdocs...', 15, Array)
#1 D:\xampp\htdocs\scholarinfosystem\vendor\codeigniter4\framework\system\View\View.php(230): include('D:\\xampp\\htdocs...')
#2 D:\xampp\htdocs\scholarinfosystem\vendor\codeigniter4\framework\system\View\View.php(232): CodeIgniter\View\View->CodeIgniter\View\{closure}()
#3 D:\xampp\htdocs\scholarinfosystem\vendor\codeigniter4\framework\system\View\View.php(246): CodeIgniter\View\View->render('main', Array, true)
#4 D:\xampp\htdocs\scholarinfosystem\vendor\codeigniter4\framework\system\Common.php(1271): CodeIgniter\View\View->render('home', Array, true)
#5 D:\xampp\htdocs\scholarinfosystem\app\Controllers\Home.php(11): view('home', Array)
#6 D:\xampp\htdocs\scholarinfosystem\vendor\codeigniter4\framework\system\CodeIgniter.php(928): App\Controllers\Home->index()
#7 D:\xampp\htdocs\scholarinfosystem\vendor\codeigniter4\framework\system\CodeIgniter.php(436): CodeIgniter\CodeIgniter->runController(Object(App\Controllers\Home))
#8 D:\xampp\htdocs\scholarinfosystem\vendor\codeigniter4\framework\system\CodeIgniter.php(336): CodeIgniter\CodeIgniter->handleRequest(NULL, Object(Config\Cache), false)
#9 D:\xampp\htdocs\scholarinfosystem\public\index.php(37): CodeIgniter\CodeIgniter->run()
#10 D:\xampp\htdocs\scholarinfosystem\vendor\codeigniter4\framework\system\Commands\Server\rewrite.php(45): require_once('D:\\xampp\\htdocs...')
#11 {main}
CRITICAL - 2021-06-30 09:51:38 --> Undefined variable: css
#0 D:\xampp\htdocs\scholarinfosystem\app\Views\main.php(12): CodeIgniter\Debug\Exceptions->errorHandler(8, 'Undefined varia...', 'D:\\xampp\\htdocs...', 12, Array)
#1 D:\xampp\htdocs\scholarinfosystem\vendor\codeigniter4\framework\system\View\View.php(230): include('D:\\xampp\\htdocs...')
#2 D:\xampp\htdocs\scholarinfosystem\vendor\codeigniter4\framework\system\View\View.php(232): CodeIgniter\View\View->CodeIgniter\View\{closure}()
#3 D:\xampp\htdocs\scholarinfosystem\vendor\codeigniter4\framework\system\View\View.php(246): CodeIgniter\View\View->render('main', Array, true)
#4 D:\xampp\htdocs\scholarinfosystem\vendor\codeigniter4\framework\system\Common.php(1271): CodeIgniter\View\View->render('user/profile', Array, true)
#5 D:\xampp\htdocs\scholarinfosystem\app\Controllers\User\Profile.php(21): view('user/profile', Array)
#6 D:\xampp\htdocs\scholarinfosystem\vendor\codeigniter4\framework\system\CodeIgniter.php(928): App\Controllers\User\Profile->index()
#7 D:\xampp\htdocs\scholarinfosystem\vendor\codeigniter4\framework\system\CodeIgniter.php(436): CodeIgniter\CodeIgniter->runController(Object(App\Controllers\User\Profile))
#8 D:\xampp\htdocs\scholarinfosystem\vendor\codeigniter4\framework\system\CodeIgniter.php(336): CodeIgniter\CodeIgniter->handleRequest(NULL, Object(Config\Cache), false)
#9 D:\xampp\htdocs\scholarinfosystem\public\index.php(37): CodeIgniter\CodeIgniter->run()
#10 D:\xampp\htdocs\scholarinfosystem\vendor\codeigniter4\framework\system\Commands\Server\rewrite.php(45): require_once('D:\\xampp\\htdocs...')
#11 {main}
CRITICAL - 2021-06-30 09:52:11 --> Undefined variable: css
#0 D:\xampp\htdocs\scholarinfosystem\app\Views\main.php(12): CodeIgniter\Debug\Exceptions->errorHandler(8, 'Undefined varia...', 'D:\\xampp\\htdocs...', 12, Array)
#1 D:\xampp\htdocs\scholarinfosystem\vendor\codeigniter4\framework\system\View\View.php(230): include('D:\\xampp\\htdocs...')
#2 D:\xampp\htdocs\scholarinfosystem\vendor\codeigniter4\framework\system\View\View.php(232): CodeIgniter\View\View->CodeIgniter\View\{closure}()
#3 D:\xampp\htdocs\scholarinfosystem\vendor\codeigniter4\framework\system\View\View.php(246): CodeIgniter\View\View->render('main', Array, true)
#4 D:\xampp\htdocs\scholarinfosystem\vendor\codeigniter4\framework\system\Common.php(1271): CodeIgniter\View\View->render('user/profile', Array, true)
#5 D:\xampp\htdocs\scholarinfosystem\app\Controllers\User\Profile.php(24): view('user/profile', Array)
#6 D:\xampp\htdocs\scholarinfosystem\vendor\codeigniter4\framework\system\CodeIgniter.php(928): App\Controllers\User\Profile->index()
#7 D:\xampp\htdocs\scholarinfosystem\vendor\codeigniter4\framework\system\CodeIgniter.php(436): CodeIgniter\CodeIgniter->runController(Object(App\Controllers\User\Profile))
#8 D:\xampp\htdocs\scholarinfosystem\vendor\codeigniter4\framework\system\CodeIgniter.php(336): CodeIgniter\CodeIgniter->handleRequest(NULL, Object(Config\Cache), false)
#9 D:\xampp\htdocs\scholarinfosystem\public\index.php(37): CodeIgniter\CodeIgniter->run()
#10 D:\xampp\htdocs\scholarinfosystem\vendor\codeigniter4\framework\system\Commands\Server\rewrite.php(45): require_once('D:\\xampp\\htdocs...')
#11 {main}
CRITICAL - 2021-06-30 09:52:12 --> Undefined variable: css
#0 D:\xampp\htdocs\scholarinfosystem\app\Views\main.php(12): CodeIgniter\Debug\Exceptions->errorHandler(8, 'Undefined varia...', 'D:\\xampp\\htdocs...', 12, Array)
#1 D:\xampp\htdocs\scholarinfosystem\vendor\codeigniter4\framework\system\View\View.php(230): include('D:\\xampp\\htdocs...')
#2 D:\xampp\htdocs\scholarinfosystem\vendor\codeigniter4\framework\system\View\View.php(232): CodeIgniter\View\View->CodeIgniter\View\{closure}()
#3 D:\xampp\htdocs\scholarinfosystem\vendor\codeigniter4\framework\system\View\View.php(246): CodeIgniter\View\View->render('main', Array, true)
#4 D:\xampp\htdocs\scholarinfosystem\vendor\codeigniter4\framework\system\Common.php(1271): CodeIgniter\View\View->render('user/profile', Array, true)
#5 D:\xampp\htdocs\scholarinfosystem\app\Controllers\User\Profile.php(24): view('user/profile', Array)
#6 D:\xampp\htdocs\scholarinfosystem\vendor\codeigniter4\framework\system\CodeIgniter.php(928): App\Controllers\User\Profile->index()
#7 D:\xampp\htdocs\scholarinfosystem\vendor\codeigniter4\framework\system\CodeIgniter.php(436): CodeIgniter\CodeIgniter->runController(Object(App\Controllers\User\Profile))
#8 D:\xampp\htdocs\scholarinfosystem\vendor\codeigniter4\framework\system\CodeIgniter.php(336): CodeIgniter\CodeIgniter->handleRequest(NULL, Object(Config\Cache), false)
#9 D:\xampp\htdocs\scholarinfosystem\public\index.php(37): CodeIgniter\CodeIgniter->run()
#10 D:\xampp\htdocs\scholarinfosystem\vendor\codeigniter4\framework\system\Commands\Server\rewrite.php(45): require_once('D:\\xampp\\htdocs...')
#11 {main}
CRITICAL - 2021-06-30 09:52:31 --> Undefined variable: css
#0 D:\xampp\htdocs\scholarinfosystem\app\Views\main.php(12): CodeIgniter\Debug\Exceptions->errorHandler(8, 'Undefined varia...', 'D:\\xampp\\htdocs...', 12, Array)
#1 D:\xampp\htdocs\scholarinfosystem\vendor\codeigniter4\framework\system\View\View.php(230): include('D:\\xampp\\htdocs...')
#2 D:\xampp\htdocs\scholarinfosystem\vendor\codeigniter4\framework\system\View\View.php(232): CodeIgniter\View\View->CodeIgniter\View\{closure}()
#3 D:\xampp\htdocs\scholarinfosystem\vendor\codeigniter4\framework\system\View\View.php(246): CodeIgniter\View\View->render('main', Array, true)
#4 D:\xampp\htdocs\scholarinfosystem\vendor\codeigniter4\framework\system\Common.php(1271): CodeIgniter\View\View->render('user/profile', Array, true)
#5 D:\xampp\htdocs\scholarinfosystem\app\Controllers\User\Profile.php(24): view('user/profile', Array)
#6 D:\xampp\htdocs\scholarinfosystem\vendor\codeigniter4\framework\system\CodeIgniter.php(928): App\Controllers\User\Profile->index()
#7 D:\xampp\htdocs\scholarinfosystem\vendor\codeigniter4\framework\system\CodeIgniter.php(436): CodeIgniter\CodeIgniter->runController(Object(App\Controllers\User\Profile))
#8 D:\xampp\htdocs\scholarinfosystem\vendor\codeigniter4\framework\system\CodeIgniter.php(336): CodeIgniter\CodeIgniter->handleRequest(NULL, Object(Config\Cache), false)
#9 D:\xampp\htdocs\scholarinfosystem\public\index.php(37): CodeIgniter\CodeIgniter->run()
#10 D:\xampp\htdocs\scholarinfosystem\vendor\codeigniter4\framework\system\Commands\Server\rewrite.php(45): require_once('D:\\xampp\\htdocs...')
#11 {main}
CRITICAL - 2021-06-30 09:52:33 --> Undefined variable: css
#0 D:\xampp\htdocs\scholarinfosystem\app\Views\main.php(12): CodeIgniter\Debug\Exceptions->errorHandler(8, 'Undefined varia...', 'D:\\xampp\\htdocs...', 12, Array)
#1 D:\xampp\htdocs\scholarinfosystem\vendor\codeigniter4\framework\system\View\View.php(230): include('D:\\xampp\\htdocs...')
#2 D:\xampp\htdocs\scholarinfosystem\vendor\codeigniter4\framework\system\View\View.php(232): CodeIgniter\View\View->CodeIgniter\View\{closure}()
#3 D:\xampp\htdocs\scholarinfosystem\vendor\codeigniter4\framework\system\View\View.php(246): CodeIgniter\View\View->render('main', Array, true)
#4 D:\xampp\htdocs\scholarinfosystem\vendor\codeigniter4\framework\system\Common.php(1271): CodeIgniter\View\View->render('user/profile', Array, true)
#5 D:\xampp\htdocs\scholarinfosystem\app\Controllers\User\Profile.php(24): view('user/profile', Array)
#6 D:\xampp\htdocs\scholarinfosystem\vendor\codeigniter4\framework\system\CodeIgniter.php(928): App\Controllers\User\Profile->index()
#7 D:\xampp\htdocs\scholarinfosystem\vendor\codeigniter4\framework\system\CodeIgniter.php(436): CodeIgniter\CodeIgniter->runController(Object(App\Controllers\User\Profile))
#8 D:\xampp\htdocs\scholarinfosystem\vendor\codeigniter4\framework\system\CodeIgniter.php(336): CodeIgniter\CodeIgniter->handleRequest(NULL, Object(Config\Cache), false)
#9 D:\xampp\htdocs\scholarinfosystem\public\index.php(37): CodeIgniter\CodeIgniter->run()
#10 D:\xampp\htdocs\scholarinfosystem\vendor\codeigniter4\framework\system\Commands\Server\rewrite.php(45): require_once('D:\\xampp\\htdocs...')
#11 {main}
CRITICAL - 2021-06-30 09:52:44 --> Undefined variable: css
#0 D:\xampp\htdocs\scholarinfosystem\app\Views\main.php(12): CodeIgniter\Debug\Exceptions->errorHandler(8, 'Undefined varia...', 'D:\\xampp\\htdocs...', 12, Array)
#1 D:\xampp\htdocs\scholarinfosystem\vendor\codeigniter4\framework\system\View\View.php(230): include('D:\\xampp\\htdocs...')
#2 D:\xampp\htdocs\scholarinfosystem\vendor\codeigniter4\framework\system\View\View.php(232): CodeIgniter\View\View->CodeIgniter\View\{closure}()
#3 D:\xampp\htdocs\scholarinfosystem\vendor\codeigniter4\framework\system\View\View.php(246): CodeIgniter\View\View->render('main', Array, true)
#4 D:\xampp\htdocs\scholarinfosystem\vendor\codeigniter4\framework\system\Common.php(1271): CodeIgniter\View\View->render('user/profile', Array, true)
#5 D:\xampp\htdocs\scholarinfosystem\app\Controllers\User\Profile.php(24): view('user/profile', Array)
#6 D:\xampp\htdocs\scholarinfosystem\vendor\codeigniter4\framework\system\CodeIgniter.php(928): App\Controllers\User\Profile->index()
#7 D:\xampp\htdocs\scholarinfosystem\vendor\codeigniter4\framework\system\CodeIgniter.php(436): CodeIgniter\CodeIgniter->runController(Object(App\Controllers\User\Profile))
#8 D:\xampp\htdocs\scholarinfosystem\vendor\codeigniter4\framework\system\CodeIgniter.php(336): CodeIgniter\CodeIgniter->handleRequest(NULL, Object(Config\Cache), false)
#9 D:\xampp\htdocs\scholarinfosystem\public\index.php(37): CodeIgniter\CodeIgniter->run()
#10 D:\xampp\htdocs\scholarinfosystem\vendor\codeigniter4\framework\system\Commands\Server\rewrite.php(45): require_once('D:\\xampp\\htdocs...')
#11 {main}
CRITICAL - 2021-06-30 09:53:31 --> Undefined variable: css
#0 D:\xampp\htdocs\scholarinfosystem\app\Views\main.php(12): CodeIgniter\Debug\Exceptions->errorHandler(8, 'Undefined varia...', 'D:\\xampp\\htdocs...', 12, Array)
#1 D:\xampp\htdocs\scholarinfosystem\vendor\codeigniter4\framework\system\View\View.php(230): include('D:\\xampp\\htdocs...')
#2 D:\xampp\htdocs\scholarinfosystem\vendor\codeigniter4\framework\system\View\View.php(232): CodeIgniter\View\View->CodeIgniter\View\{closure}()
#3 D:\xampp\htdocs\scholarinfosystem\vendor\codeigniter4\framework\system\View\View.php(246): CodeIgniter\View\View->render('main', Array, true)
#4 D:\xampp\htdocs\scholarinfosystem\vendor\codeigniter4\framework\system\Common.php(1271): CodeIgniter\View\View->render('user/profile', Array, true)
#5 D:\xampp\htdocs\scholarinfosystem\app\Controllers\User\Profile.php(24): view('user/profile', Array)
#6 D:\xampp\htdocs\scholarinfosystem\vendor\codeigniter4\framework\system\CodeIgniter.php(928): App\Controllers\User\Profile->index()
#7 D:\xampp\htdocs\scholarinfosystem\vendor\codeigniter4\framework\system\CodeIgniter.php(436): CodeIgniter\CodeIgniter->runController(Object(App\Controllers\User\Profile))
#8 D:\xampp\htdocs\scholarinfosystem\vendor\codeigniter4\framework\system\CodeIgniter.php(336): CodeIgniter\CodeIgniter->handleRequest(NULL, Object(Config\Cache), false)
#9 D:\xampp\htdocs\scholarinfosystem\public\index.php(37): CodeIgniter\CodeIgniter->run()
#10 D:\xampp\htdocs\scholarinfosystem\vendor\codeigniter4\framework\system\Commands\Server\rewrite.php(45): require_once('D:\\xampp\\htdocs...')
#11 {main}
CRITICAL - 2021-06-30 09:55:32 --> Undefined variable: css
#0 D:\xampp\htdocs\scholarinfosystem\app\Views\main.php(12): CodeIgniter\Debug\Exceptions->errorHandler(8, 'Undefined varia...', 'D:\\xampp\\htdocs...', 12, Array)
#1 D:\xampp\htdocs\scholarinfosystem\vendor\codeigniter4\framework\system\View\View.php(230): include('D:\\xampp\\htdocs...')
#2 D:\xampp\htdocs\scholarinfosystem\vendor\codeigniter4\framework\system\View\View.php(232): CodeIgniter\View\View->CodeIgniter\View\{closure}()
#3 D:\xampp\htdocs\scholarinfosystem\vendor\codeigniter4\framework\system\View\View.php(246): CodeIgniter\View\View->render('main', Array, true)
#4 D:\xampp\htdocs\scholarinfosystem\vendor\codeigniter4\framework\system\Common.php(1271): CodeIgniter\View\View->render('user/profile', Array, true)
#5 D:\xampp\htdocs\scholarinfosystem\app\Controllers\User\Profile.php(22): view('user/profile', Array)
#6 D:\xampp\htdocs\scholarinfosystem\vendor\codeigniter4\framework\system\CodeIgniter.php(928): App\Controllers\User\Profile->index()
#7 D:\xampp\htdocs\scholarinfosystem\vendor\codeigniter4\framework\system\CodeIgniter.php(436): CodeIgniter\CodeIgniter->runController(Object(App\Controllers\User\Profile))
#8 D:\xampp\htdocs\scholarinfosystem\vendor\codeigniter4\framework\system\CodeIgniter.php(336): CodeIgniter\CodeIgniter->handleRequest(NULL, Object(Config\Cache), false)
#9 D:\xampp\htdocs\scholarinfosystem\public\index.php(37): CodeIgniter\CodeIgniter->run()
#10 D:\xampp\htdocs\scholarinfosystem\vendor\codeigniter4\framework\system\Commands\Server\rewrite.php(45): require_once('D:\\xampp\\htdocs...')
#11 {main}
CRITICAL - 2021-06-30 09:55:38 --> Undefined variable: css
#0 D:\xampp\htdocs\scholarinfosystem\app\Views\main.php(12): CodeIgniter\Debug\Exceptions->errorHandler(8, 'Undefined varia...', 'D:\\xampp\\htdocs...', 12, Array)
#1 D:\xampp\htdocs\scholarinfosystem\vendor\codeigniter4\framework\system\View\View.php(230): include('D:\\xampp\\htdocs...')
#2 D:\xampp\htdocs\scholarinfosystem\vendor\codeigniter4\framework\system\View\View.php(232): CodeIgniter\View\View->CodeIgniter\View\{closure}()
#3 D:\xampp\htdocs\scholarinfosystem\vendor\codeigniter4\framework\system\View\View.php(246): CodeIgniter\View\View->render('main', Array, true)
#4 D:\xampp\htdocs\scholarinfosystem\vendor\codeigniter4\framework\system\Common.php(1271): CodeIgniter\View\View->render('user/profile', Array, true)
#5 D:\xampp\htdocs\scholarinfosystem\app\Controllers\User\Profile.php(22): view('user/profile', Array)
#6 D:\xampp\htdocs\scholarinfosystem\vendor\codeigniter4\framework\system\CodeIgniter.php(928): App\Controllers\User\Profile->index()
#7 D:\xampp\htdocs\scholarinfosystem\vendor\codeigniter4\framework\system\CodeIgniter.php(436): CodeIgniter\CodeIgniter->runController(Object(App\Controllers\User\Profile))
#8 D:\xampp\htdocs\scholarinfosystem\vendor\codeigniter4\framework\system\CodeIgniter.php(336): CodeIgniter\CodeIgniter->handleRequest(NULL, Object(Config\Cache), false)
#9 D:\xampp\htdocs\scholarinfosystem\public\index.php(37): CodeIgniter\CodeIgniter->run()
#10 D:\xampp\htdocs\scholarinfosystem\vendor\codeigniter4\framework\system\Commands\Server\rewrite.php(45): require_once('D:\\xampp\\htdocs...')
#11 {main}
CRITICAL - 2021-06-30 09:55:39 --> Undefined variable: css
#0 D:\xampp\htdocs\scholarinfosystem\app\Views\main.php(12): CodeIgniter\Debug\Exceptions->errorHandler(8, 'Undefined varia...', 'D:\\xampp\\htdocs...', 12, Array)
#1 D:\xampp\htdocs\scholarinfosystem\vendor\codeigniter4\framework\system\View\View.php(230): include('D:\\xampp\\htdocs...')
#2 D:\xampp\htdocs\scholarinfosystem\vendor\codeigniter4\framework\system\View\View.php(232): CodeIgniter\View\View->CodeIgniter\View\{closure}()
#3 D:\xampp\htdocs\scholarinfosystem\vendor\codeigniter4\framework\system\View\View.php(246): CodeIgniter\View\View->render('main', Array, true)
#4 D:\xampp\htdocs\scholarinfosystem\vendor\codeigniter4\framework\system\Common.php(1271): CodeIgniter\View\View->render('user/profile', Array, true)
#5 D:\xampp\htdocs\scholarinfosystem\app\Controllers\User\Profile.php(22): view('user/profile', Array)
#6 D:\xampp\htdocs\scholarinfosystem\vendor\codeigniter4\framework\system\CodeIgniter.php(928): App\Controllers\User\Profile->index()
#7 D:\xampp\htdocs\scholarinfosystem\vendor\codeigniter4\framework\system\CodeIgniter.php(436): CodeIgniter\CodeIgniter->runController(Object(App\Controllers\User\Profile))
#8 D:\xampp\htdocs\scholarinfosystem\vendor\codeigniter4\framework\system\CodeIgniter.php(336): CodeIgniter\CodeIgniter->handleRequest(NULL, Object(Config\Cache), false)
#9 D:\xampp\htdocs\scholarinfosystem\public\index.php(37): CodeIgniter\CodeIgniter->run()
#10 D:\xampp\htdocs\scholarinfosystem\vendor\codeigniter4\framework\system\Commands\Server\rewrite.php(45): require_once('D:\\xampp\\htdocs...')
#11 {main}
CRITICAL - 2021-06-30 09:55:43 --> Undefined variable: css
#0 D:\xampp\htdocs\scholarinfosystem\app\Views\main.php(12): CodeIgniter\Debug\Exceptions->errorHandler(8, 'Undefined varia...', 'D:\\xampp\\htdocs...', 12, Array)
#1 D:\xampp\htdocs\scholarinfosystem\vendor\codeigniter4\framework\system\View\View.php(230): include('D:\\xampp\\htdocs...')
#2 D:\xampp\htdocs\scholarinfosystem\vendor\codeigniter4\framework\system\View\View.php(232): CodeIgniter\View\View->CodeIgniter\View\{closure}()
#3 D:\xampp\htdocs\scholarinfosystem\vendor\codeigniter4\framework\system\View\View.php(246): CodeIgniter\View\View->render('main', Array, true)
#4 D:\xampp\htdocs\scholarinfosystem\vendor\codeigniter4\framework\system\Common.php(1271): CodeIgniter\View\View->render('user/profile', Array, true)
#5 D:\xampp\htdocs\scholarinfosystem\app\Controllers\User\Profile.php(22): view('user/profile', Array)
#6 D:\xampp\htdocs\scholarinfosystem\vendor\codeigniter4\framework\system\CodeIgniter.php(928): App\Controllers\User\Profile->index()
#7 D:\xampp\htdocs\scholarinfosystem\vendor\codeigniter4\framework\system\CodeIgniter.php(436): CodeIgniter\CodeIgniter->runController(Object(App\Controllers\User\Profile))
#8 D:\xampp\htdocs\scholarinfosystem\vendor\codeigniter4\framework\system\CodeIgniter.php(336): CodeIgniter\CodeIgniter->handleRequest(NULL, Object(Config\Cache), false)
#9 D:\xampp\htdocs\scholarinfosystem\public\index.php(37): CodeIgniter\CodeIgniter->run()
#10 D:\xampp\htdocs\scholarinfosystem\vendor\codeigniter4\framework\system\Commands\Server\rewrite.php(45): require_once('D:\\xampp\\htdocs...')
#11 {main}
CRITICAL - 2021-06-30 09:55:43 --> Undefined variable: css
#0 D:\xampp\htdocs\scholarinfosystem\app\Views\main.php(12): CodeIgniter\Debug\Exceptions->errorHandler(8, 'Undefined varia...', 'D:\\xampp\\htdocs...', 12, Array)
#1 D:\xampp\htdocs\scholarinfosystem\vendor\codeigniter4\framework\system\View\View.php(230): include('D:\\xampp\\htdocs...')
#2 D:\xampp\htdocs\scholarinfosystem\vendor\codeigniter4\framework\system\View\View.php(232): CodeIgniter\View\View->CodeIgniter\View\{closure}()
#3 D:\xampp\htdocs\scholarinfosystem\vendor\codeigniter4\framework\system\View\View.php(246): CodeIgniter\View\View->render('main', Array, true)
#4 D:\xampp\htdocs\scholarinfosystem\vendor\codeigniter4\framework\system\Common.php(1271): CodeIgniter\View\View->render('user/profile', Array, true)
#5 D:\xampp\htdocs\scholarinfosystem\app\Controllers\User\Profile.php(22): view('user/profile', Array)
#6 D:\xampp\htdocs\scholarinfosystem\vendor\codeigniter4\framework\system\CodeIgniter.php(928): App\Controllers\User\Profile->index()
#7 D:\xampp\htdocs\scholarinfosystem\vendor\codeigniter4\framework\system\CodeIgniter.php(436): CodeIgniter\CodeIgniter->runController(Object(App\Controllers\User\Profile))
#8 D:\xampp\htdocs\scholarinfosystem\vendor\codeigniter4\framework\system\CodeIgniter.php(336): CodeIgniter\CodeIgniter->handleRequest(NULL, Object(Config\Cache), false)
#9 D:\xampp\htdocs\scholarinfosystem\public\index.php(37): CodeIgniter\CodeIgniter->run()
#10 D:\xampp\htdocs\scholarinfosystem\vendor\codeigniter4\framework\system\Commands\Server\rewrite.php(45): require_once('D:\\xampp\\htdocs...')
#11 {main}
CRITICAL - 2021-06-30 09:57:39 --> Undefined variable: css
#0 D:\xampp\htdocs\scholarinfosystem\app\Views\main.php(12): CodeIgniter\Debug\Exceptions->errorHandler(8, 'Undefined varia...', 'D:\\xampp\\htdocs...', 12, Array)
#1 D:\xampp\htdocs\scholarinfosystem\vendor\codeigniter4\framework\system\View\View.php(230): include('D:\\xampp\\htdocs...')
#2 D:\xampp\htdocs\scholarinfosystem\vendor\codeigniter4\framework\system\View\View.php(232): CodeIgniter\View\View->CodeIgniter\View\{closure}()
#3 D:\xampp\htdocs\scholarinfosystem\vendor\codeigniter4\framework\system\View\View.php(246): CodeIgniter\View\View->render('/main', Array, true)
#4 D:\xampp\htdocs\scholarinfosystem\vendor\codeigniter4\framework\system\Common.php(1271): CodeIgniter\View\View->render('user/profile', Array, true)
#5 D:\xampp\htdocs\scholarinfosystem\app\Controllers\User\Profile.php(22): view('user/profile', Array)
#6 D:\xampp\htdocs\scholarinfosystem\vendor\codeigniter4\framework\system\CodeIgniter.php(928): App\Controllers\User\Profile->index()
#7 D:\xampp\htdocs\scholarinfosystem\vendor\codeigniter4\framework\system\CodeIgniter.php(436): CodeIgniter\CodeIgniter->runController(Object(App\Controllers\User\Profile))
#8 D:\xampp\htdocs\scholarinfosystem\vendor\codeigniter4\framework\system\CodeIgniter.php(336): CodeIgniter\CodeIgniter->handleRequest(NULL, Object(Config\Cache), false)
#9 D:\xampp\htdocs\scholarinfosystem\public\index.php(37): CodeIgniter\CodeIgniter->run()
#10 D:\xampp\htdocs\scholarinfosystem\vendor\codeigniter4\framework\system\Commands\Server\rewrite.php(45): require_once('D:\\xampp\\htdocs...')
#11 {main}
CRITICAL - 2021-06-30 09:57:40 --> Undefined variable: css
#0 D:\xampp\htdocs\scholarinfosystem\app\Views\main.php(12): CodeIgniter\Debug\Exceptions->errorHandler(8, 'Undefined varia...', 'D:\\xampp\\htdocs...', 12, Array)
#1 D:\xampp\htdocs\scholarinfosystem\vendor\codeigniter4\framework\system\View\View.php(230): include('D:\\xampp\\htdocs...')
#2 D:\xampp\htdocs\scholarinfosystem\vendor\codeigniter4\framework\system\View\View.php(232): CodeIgniter\View\View->CodeIgniter\View\{closure}()
#3 D:\xampp\htdocs\scholarinfosystem\vendor\codeigniter4\framework\system\View\View.php(246): CodeIgniter\View\View->render('/main', Array, true)
#4 D:\xampp\htdocs\scholarinfosystem\vendor\codeigniter4\framework\system\Common.php(1271): CodeIgniter\View\View->render('user/profile', Array, true)
#5 D:\xampp\htdocs\scholarinfosystem\app\Controllers\User\Profile.php(22): view('user/profile', Array)
#6 D:\xampp\htdocs\scholarinfosystem\vendor\codeigniter4\framework\system\CodeIgniter.php(928): App\Controllers\User\Profile->index()
#7 D:\xampp\htdocs\scholarinfosystem\vendor\codeigniter4\framework\system\CodeIgniter.php(436): CodeIgniter\CodeIgniter->runController(Object(App\Controllers\User\Profile))
#8 D:\xampp\htdocs\scholarinfosystem\vendor\codeigniter4\framework\system\CodeIgniter.php(336): CodeIgniter\CodeIgniter->handleRequest(NULL, Object(Config\Cache), false)
#9 D:\xampp\htdocs\scholarinfosystem\public\index.php(37): CodeIgniter\CodeIgniter->run()
#10 D:\xampp\htdocs\scholarinfosystem\vendor\codeigniter4\framework\system\Commands\Server\rewrite.php(45): require_once('D:\\xampp\\htdocs...')
#11 {main}
CRITICAL - 2021-06-30 09:57:47 --> Undefined variable: css
#0 D:\xampp\htdocs\scholarinfosystem\app\Views\main.php(12): CodeIgniter\Debug\Exceptions->errorHandler(8, 'Undefined varia...', 'D:\\xampp\\htdocs...', 12, Array)
#1 D:\xampp\htdocs\scholarinfosystem\vendor\codeigniter4\framework\system\View\View.php(230): include('D:\\xampp\\htdocs...')
#2 D:\xampp\htdocs\scholarinfosystem\vendor\codeigniter4\framework\system\View\View.php(232): CodeIgniter\View\View->CodeIgniter\View\{closure}()
#3 D:\xampp\htdocs\scholarinfosystem\vendor\codeigniter4\framework\system\View\View.php(246): CodeIgniter\View\View->render('./main', Array, true)
#4 D:\xampp\htdocs\scholarinfosystem\vendor\codeigniter4\framework\system\Common.php(1271): CodeIgniter\View\View->render('user/profile', Array, true)
#5 D:\xampp\htdocs\scholarinfosystem\app\Controllers\User\Profile.php(22): view('user/profile', Array)
#6 D:\xampp\htdocs\scholarinfosystem\vendor\codeigniter4\framework\system\CodeIgniter.php(928): App\Controllers\User\Profile->index()
#7 D:\xampp\htdocs\scholarinfosystem\vendor\codeigniter4\framework\system\CodeIgniter.php(436): CodeIgniter\CodeIgniter->runController(Object(App\Controllers\User\Profile))
#8 D:\xampp\htdocs\scholarinfosystem\vendor\codeigniter4\framework\system\CodeIgniter.php(336): CodeIgniter\CodeIgniter->handleRequest(NULL, Object(Config\Cache), false)
#9 D:\xampp\htdocs\scholarinfosystem\public\index.php(37): CodeIgniter\CodeIgniter->run()
#10 D:\xampp\htdocs\scholarinfosystem\vendor\codeigniter4\framework\system\Commands\Server\rewrite.php(45): require_once('D:\\xampp\\htdocs...')
#11 {main}
CRITICAL - 2021-06-30 09:57:48 --> Undefined variable: css
#0 D:\xampp\htdocs\scholarinfosystem\app\Views\main.php(12): CodeIgniter\Debug\Exceptions->errorHandler(8, 'Undefined varia...', 'D:\\xampp\\htdocs...', 12, Array)
#1 D:\xampp\htdocs\scholarinfosystem\vendor\codeigniter4\framework\system\View\View.php(230): include('D:\\xampp\\htdocs...')
#2 D:\xampp\htdocs\scholarinfosystem\vendor\codeigniter4\framework\system\View\View.php(232): CodeIgniter\View\View->CodeIgniter\View\{closure}()
#3 D:\xampp\htdocs\scholarinfosystem\vendor\codeigniter4\framework\system\View\View.php(246): CodeIgniter\View\View->render('./main', Array, true)
#4 D:\xampp\htdocs\scholarinfosystem\vendor\codeigniter4\framework\system\Common.php(1271): CodeIgniter\View\View->render('user/profile', Array, true)
#5 D:\xampp\htdocs\scholarinfosystem\app\Controllers\User\Profile.php(22): view('user/profile', Array)
#6 D:\xampp\htdocs\scholarinfosystem\vendor\codeigniter4\framework\system\CodeIgniter.php(928): App\Controllers\User\Profile->index()
#7 D:\xampp\htdocs\scholarinfosystem\vendor\codeigniter4\framework\system\CodeIgniter.php(436): CodeIgniter\CodeIgniter->runController(Object(App\Controllers\User\Profile))
#8 D:\xampp\htdocs\scholarinfosystem\vendor\codeigniter4\framework\system\CodeIgniter.php(336): CodeIgniter\CodeIgniter->handleRequest(NULL, Object(Config\Cache), false)
#9 D:\xampp\htdocs\scholarinfosystem\public\index.php(37): CodeIgniter\CodeIgniter->run()
#10 D:\xampp\htdocs\scholarinfosystem\vendor\codeigniter4\framework\system\Commands\Server\rewrite.php(45): require_once('D:\\xampp\\htdocs...')
#11 {main}
CRITICAL - 2021-06-30 09:57:48 --> Undefined variable: css
#0 D:\xampp\htdocs\scholarinfosystem\app\Views\main.php(12): CodeIgniter\Debug\Exceptions->errorHandler(8, 'Undefined varia...', 'D:\\xampp\\htdocs...', 12, Array)
#1 D:\xampp\htdocs\scholarinfosystem\vendor\codeigniter4\framework\system\View\View.php(230): include('D:\\xampp\\htdocs...')
#2 D:\xampp\htdocs\scholarinfosystem\vendor\codeigniter4\framework\system\View\View.php(232): CodeIgniter\View\View->CodeIgniter\View\{closure}()
#3 D:\xampp\htdocs\scholarinfosystem\vendor\codeigniter4\framework\system\View\View.php(246): CodeIgniter\View\View->render('./main', Array, true)
#4 D:\xampp\htdocs\scholarinfosystem\vendor\codeigniter4\framework\system\Common.php(1271): CodeIgniter\View\View->render('user/profile', Array, true)
#5 D:\xampp\htdocs\scholarinfosystem\app\Controllers\User\Profile.php(22): view('user/profile', Array)
#6 D:\xampp\htdocs\scholarinfosystem\vendor\codeigniter4\framework\system\CodeIgniter.php(928): App\Controllers\User\Profile->index()
#7 D:\xampp\htdocs\scholarinfosystem\vendor\codeigniter4\framework\system\CodeIgniter.php(436): CodeIgniter\CodeIgniter->runController(Object(App\Controllers\User\Profile))
#8 D:\xampp\htdocs\scholarinfosystem\vendor\codeigniter4\framework\system\CodeIgniter.php(336): CodeIgniter\CodeIgniter->handleRequest(NULL, Object(Config\Cache), false)
#9 D:\xampp\htdocs\scholarinfosystem\public\index.php(37): CodeIgniter\CodeIgniter->run()
#10 D:\xampp\htdocs\scholarinfosystem\vendor\codeigniter4\framework\system\Commands\Server\rewrite.php(45): require_once('D:\\xampp\\htdocs...')
#11 {main}
CRITICAL - 2021-06-30 09:57:49 --> Undefined variable: css
#0 D:\xampp\htdocs\scholarinfosystem\app\Views\main.php(12): CodeIgniter\Debug\Exceptions->errorHandler(8, 'Undefined varia...', 'D:\\xampp\\htdocs...', 12, Array)
#1 D:\xampp\htdocs\scholarinfosystem\vendor\codeigniter4\framework\system\View\View.php(230): include('D:\\xampp\\htdocs...')
#2 D:\xampp\htdocs\scholarinfosystem\vendor\codeigniter4\framework\system\View\View.php(232): CodeIgniter\View\View->CodeIgniter\View\{closure}()
#3 D:\xampp\htdocs\scholarinfosystem\vendor\codeigniter4\framework\system\View\View.php(246): CodeIgniter\View\View->render('./main', Array, true)
#4 D:\xampp\htdocs\scholarinfosystem\vendor\codeigniter4\framework\system\Common.php(1271): CodeIgniter\View\View->render('user/profile', Array, true)
#5 D:\xampp\htdocs\scholarinfosystem\app\Controllers\User\Profile.php(22): view('user/profile', Array)
#6 D:\xampp\htdocs\scholarinfosystem\vendor\codeigniter4\framework\system\CodeIgniter.php(928): App\Controllers\User\Profile->index()
#7 D:\xampp\htdocs\scholarinfosystem\vendor\codeigniter4\framework\system\CodeIgniter.php(436): CodeIgniter\CodeIgniter->runController(Object(App\Controllers\User\Profile))
#8 D:\xampp\htdocs\scholarinfosystem\vendor\codeigniter4\framework\system\CodeIgniter.php(336): CodeIgniter\CodeIgniter->handleRequest(NULL, Object(Config\Cache), false)
#9 D:\xampp\htdocs\scholarinfosystem\public\index.php(37): CodeIgniter\CodeIgniter->run()
#10 D:\xampp\htdocs\scholarinfosystem\vendor\codeigniter4\framework\system\Commands\Server\rewrite.php(45): require_once('D:\\xampp\\htdocs...')
#11 {main}
CRITICAL - 2021-06-30 09:57:50 --> Undefined variable: css
#0 D:\xampp\htdocs\scholarinfosystem\app\Views\main.php(12): CodeIgniter\Debug\Exceptions->errorHandler(8, 'Undefined varia...', 'D:\\xampp\\htdocs...', 12, Array)
#1 D:\xampp\htdocs\scholarinfosystem\vendor\codeigniter4\framework\system\View\View.php(230): include('D:\\xampp\\htdocs...')
#2 D:\xampp\htdocs\scholarinfosystem\vendor\codeigniter4\framework\system\View\View.php(232): CodeIgniter\View\View->CodeIgniter\View\{closure}()
#3 D:\xampp\htdocs\scholarinfosystem\vendor\codeigniter4\framework\system\View\View.php(246): CodeIgniter\View\View->render('./main', Array, true)
#4 D:\xampp\htdocs\scholarinfosystem\vendor\codeigniter4\framework\system\Common.php(1271): CodeIgniter\View\View->render('user/profile', Array, true)
#5 D:\xampp\htdocs\scholarinfosystem\app\Controllers\User\Profile.php(22): view('user/profile', Array)
#6 D:\xampp\htdocs\scholarinfosystem\vendor\codeigniter4\framework\system\CodeIgniter.php(928): App\Controllers\User\Profile->index()
#7 D:\xampp\htdocs\scholarinfosystem\vendor\codeigniter4\framework\system\CodeIgniter.php(436): CodeIgniter\CodeIgniter->runController(Object(App\Controllers\User\Profile))
#8 D:\xampp\htdocs\scholarinfosystem\vendor\codeigniter4\framework\system\CodeIgniter.php(336): CodeIgniter\CodeIgniter->handleRequest(NULL, Object(Config\Cache), false)
#9 D:\xampp\htdocs\scholarinfosystem\public\index.php(37): CodeIgniter\CodeIgniter->run()
#10 D:\xampp\htdocs\scholarinfosystem\vendor\codeigniter4\framework\system\Commands\Server\rewrite.php(45): require_once('D:\\xampp\\htdocs...')
#11 {main}
CRITICAL - 2021-06-30 09:58:00 --> Undefined variable: css
#0 D:\xampp\htdocs\scholarinfosystem\app\Views\main.php(12): CodeIgniter\Debug\Exceptions->errorHandler(8, 'Undefined varia...', 'D:\\xampp\\htdocs...', 12, Array)
#1 D:\xampp\htdocs\scholarinfosystem\vendor\codeigniter4\framework\system\View\View.php(230): include('D:\\xampp\\htdocs...')
#2 D:\xampp\htdocs\scholarinfosystem\vendor\codeigniter4\framework\system\View\View.php(232): CodeIgniter\View\View->CodeIgniter\View\{closure}()
#3 D:\xampp\htdocs\scholarinfosystem\vendor\codeigniter4\framework\system\View\View.php(246): CodeIgniter\View\View->render('/main', Array, true)
#4 D:\xampp\htdocs\scholarinfosystem\vendor\codeigniter4\framework\system\Common.php(1271): CodeIgniter\View\View->render('user/profile', Array, true)
#5 D:\xampp\htdocs\scholarinfosystem\app\Controllers\User\Profile.php(22): view('user/profile', Array)
#6 D:\xampp\htdocs\scholarinfosystem\vendor\codeigniter4\framework\system\CodeIgniter.php(928): App\Controllers\User\Profile->index()
#7 D:\xampp\htdocs\scholarinfosystem\vendor\codeigniter4\framework\system\CodeIgniter.php(436): CodeIgniter\CodeIgniter->runController(Object(App\Controllers\User\Profile))
#8 D:\xampp\htdocs\scholarinfosystem\vendor\codeigniter4\framework\system\CodeIgniter.php(336): CodeIgniter\CodeIgniter->handleRequest(NULL, Object(Config\Cache), false)
#9 D:\xampp\htdocs\scholarinfosystem\public\index.php(37): CodeIgniter\CodeIgniter->run()
#10 D:\xampp\htdocs\scholarinfosystem\vendor\codeigniter4\framework\system\Commands\Server\rewrite.php(45): require_once('D:\\xampp\\htdocs...')
#11 {main}
CRITICAL - 2021-06-30 09:58:01 --> Undefined variable: css
#0 D:\xampp\htdocs\scholarinfosystem\app\Views\main.php(12): CodeIgniter\Debug\Exceptions->errorHandler(8, 'Undefined varia...', 'D:\\xampp\\htdocs...', 12, Array)
#1 D:\xampp\htdocs\scholarinfosystem\vendor\codeigniter4\framework\system\View\View.php(230): include('D:\\xampp\\htdocs...')
#2 D:\xampp\htdocs\scholarinfosystem\vendor\codeigniter4\framework\system\View\View.php(232): CodeIgniter\View\View->CodeIgniter\View\{closure}()
#3 D:\xampp\htdocs\scholarinfosystem\vendor\codeigniter4\framework\system\View\View.php(246): CodeIgniter\View\View->render('/main', Array, true)
#4 D:\xampp\htdocs\scholarinfosystem\vendor\codeigniter4\framework\system\Common.php(1271): CodeIgniter\View\View->render('user/profile', Array, true)
#5 D:\xampp\htdocs\scholarinfosystem\app\Controllers\User\Profile.php(22): view('user/profile', Array)
#6 D:\xampp\htdocs\scholarinfosystem\vendor\codeigniter4\framework\system\CodeIgniter.php(928): App\Controllers\User\Profile->index()
#7 D:\xampp\htdocs\scholarinfosystem\vendor\codeigniter4\framework\system\CodeIgniter.php(436): CodeIgniter\CodeIgniter->runController(Object(App\Controllers\User\Profile))
#8 D:\xampp\htdocs\scholarinfosystem\vendor\codeigniter4\framework\system\CodeIgniter.php(336): CodeIgniter\CodeIgniter->handleRequest(NULL, Object(Config\Cache), false)
#9 D:\xampp\htdocs\scholarinfosystem\public\index.php(37): CodeIgniter\CodeIgniter->run()
#10 D:\xampp\htdocs\scholarinfosystem\vendor\codeigniter4\framework\system\Commands\Server\rewrite.php(45): require_once('D:\\xampp\\htdocs...')
#11 {main}
CRITICAL - 2021-06-30 09:58:01 --> Undefined variable: css
#0 D:\xampp\htdocs\scholarinfosystem\app\Views\main.php(12): CodeIgniter\Debug\Exceptions->errorHandler(8, 'Undefined varia...', 'D:\\xampp\\htdocs...', 12, Array)
#1 D:\xampp\htdocs\scholarinfosystem\vendor\codeigniter4\framework\system\View\View.php(230): include('D:\\xampp\\htdocs...')
#2 D:\xampp\htdocs\scholarinfosystem\vendor\codeigniter4\framework\system\View\View.php(232): CodeIgniter\View\View->CodeIgniter\View\{closure}()
#3 D:\xampp\htdocs\scholarinfosystem\vendor\codeigniter4\framework\system\View\View.php(246): CodeIgniter\View\View->render('/main', Array, true)
#4 D:\xampp\htdocs\scholarinfosystem\vendor\codeigniter4\framework\system\Common.php(1271): CodeIgniter\View\View->render('user/profile', Array, true)
#5 D:\xampp\htdocs\scholarinfosystem\app\Controllers\User\Profile.php(22): view('user/profile', Array)
#6 D:\xampp\htdocs\scholarinfosystem\vendor\codeigniter4\framework\system\CodeIgniter.php(928): App\Controllers\User\Profile->index()
#7 D:\xampp\htdocs\scholarinfosystem\vendor\codeigniter4\framework\system\CodeIgniter.php(436): CodeIgniter\CodeIgniter->runController(Object(App\Controllers\User\Profile))
#8 D:\xampp\htdocs\scholarinfosystem\vendor\codeigniter4\framework\system\CodeIgniter.php(336): CodeIgniter\CodeIgniter->handleRequest(NULL, Object(Config\Cache), false)
#9 D:\xampp\htdocs\scholarinfosystem\public\index.php(37): CodeIgniter\CodeIgniter->run()
#10 D:\xampp\htdocs\scholarinfosystem\vendor\codeigniter4\framework\system\Commands\Server\rewrite.php(45): require_once('D:\\xampp\\htdocs...')
#11 {main}
CRITICAL - 2021-06-30 09:58:01 --> Undefined variable: css
#0 D:\xampp\htdocs\scholarinfosystem\app\Views\main.php(12): CodeIgniter\Debug\Exceptions->errorHandler(8, 'Undefined varia...', 'D:\\xampp\\htdocs...', 12, Array)
#1 D:\xampp\htdocs\scholarinfosystem\vendor\codeigniter4\framework\system\View\View.php(230): include('D:\\xampp\\htdocs...')
#2 D:\xampp\htdocs\scholarinfosystem\vendor\codeigniter4\framework\system\View\View.php(232): CodeIgniter\View\View->CodeIgniter\View\{closure}()
#3 D:\xampp\htdocs\scholarinfosystem\vendor\codeigniter4\framework\system\View\View.php(246): CodeIgniter\View\View->render('/main', Array, true)
#4 D:\xampp\htdocs\scholarinfosystem\vendor\codeigniter4\framework\system\Common.php(1271): CodeIgniter\View\View->render('user/profile', Array, true)
#5 D:\xampp\htdocs\scholarinfosystem\app\Controllers\User\Profile.php(22): view('user/profile', Array)
#6 D:\xampp\htdocs\scholarinfosystem\vendor\codeigniter4\framework\system\CodeIgniter.php(928): App\Controllers\User\Profile->index()
#7 D:\xampp\htdocs\scholarinfosystem\vendor\codeigniter4\framework\system\CodeIgniter.php(436): CodeIgniter\CodeIgniter->runController(Object(App\Controllers\User\Profile))
#8 D:\xampp\htdocs\scholarinfosystem\vendor\codeigniter4\framework\system\CodeIgniter.php(336): CodeIgniter\CodeIgniter->handleRequest(NULL, Object(Config\Cache), false)
#9 D:\xampp\htdocs\scholarinfosystem\public\index.php(37): CodeIgniter\CodeIgniter->run()
#10 D:\xampp\htdocs\scholarinfosystem\vendor\codeigniter4\framework\system\Commands\Server\rewrite.php(45): require_once('D:\\xampp\\htdocs...')
#11 {main}
CRITICAL - 2021-06-30 09:58:01 --> Undefined variable: css
#0 D:\xampp\htdocs\scholarinfosystem\app\Views\main.php(12): CodeIgniter\Debug\Exceptions->errorHandler(8, 'Undefined varia...', 'D:\\xampp\\htdocs...', 12, Array)
#1 D:\xampp\htdocs\scholarinfosystem\vendor\codeigniter4\framework\system\View\View.php(230): include('D:\\xampp\\htdocs...')
#2 D:\xampp\htdocs\scholarinfosystem\vendor\codeigniter4\framework\system\View\View.php(232): CodeIgniter\View\View->CodeIgniter\View\{closure}()
#3 D:\xampp\htdocs\scholarinfosystem\vendor\codeigniter4\framework\system\View\View.php(246): CodeIgniter\View\View->render('/main', Array, true)
#4 D:\xampp\htdocs\scholarinfosystem\vendor\codeigniter4\framework\system\Common.php(1271): CodeIgniter\View\View->render('user/profile', Array, true)
#5 D:\xampp\htdocs\scholarinfosystem\app\Controllers\User\Profile.php(22): view('user/profile', Array)
#6 D:\xampp\htdocs\scholarinfosystem\vendor\codeigniter4\framework\system\CodeIgniter.php(928): App\Controllers\User\Profile->index()
#7 D:\xampp\htdocs\scholarinfosystem\vendor\codeigniter4\framework\system\CodeIgniter.php(436): CodeIgniter\CodeIgniter->runController(Object(App\Controllers\User\Profile))
#8 D:\xampp\htdocs\scholarinfosystem\vendor\codeigniter4\framework\system\CodeIgniter.php(336): CodeIgniter\CodeIgniter->handleRequest(NULL, Object(Config\Cache), false)
#9 D:\xampp\htdocs\scholarinfosystem\public\index.php(37): CodeIgniter\CodeIgniter->run()
#10 D:\xampp\htdocs\scholarinfosystem\vendor\codeigniter4\framework\system\Commands\Server\rewrite.php(45): require_once('D:\\xampp\\htdocs...')
#11 {main}
CRITICAL - 2021-06-30 09:58:29 --> Undefined variable: css
#0 D:\xampp\htdocs\scholarinfosystem\app\Views\main.php(12): CodeIgniter\Debug\Exceptions->errorHandler(8, 'Undefined varia...', 'D:\\xampp\\htdocs...', 12, Array)
#1 D:\xampp\htdocs\scholarinfosystem\vendor\codeigniter4\framework\system\View\View.php(230): include('D:\\xampp\\htdocs...')
#2 D:\xampp\htdocs\scholarinfosystem\vendor\codeigniter4\framework\system\View\View.php(232): CodeIgniter\View\View->CodeIgniter\View\{closure}()
#3 D:\xampp\htdocs\scholarinfosystem\vendor\codeigniter4\framework\system\View\View.php(246): CodeIgniter\View\View->render('main', Array, true)
#4 D:\xampp\htdocs\scholarinfosystem\vendor\codeigniter4\framework\system\Common.php(1271): CodeIgniter\View\View->render('user/profile', Array, true)
#5 D:\xampp\htdocs\scholarinfosystem\app\Controllers\User\Profile.php(22): view('user/profile', Array)
#6 D:\xampp\htdocs\scholarinfosystem\vendor\codeigniter4\framework\system\CodeIgniter.php(928): App\Controllers\User\Profile->index()
#7 D:\xampp\htdocs\scholarinfosystem\vendor\codeigniter4\framework\system\CodeIgniter.php(436): CodeIgniter\CodeIgniter->runController(Object(App\Controllers\User\Profile))
#8 D:\xampp\htdocs\scholarinfosystem\vendor\codeigniter4\framework\system\CodeIgniter.php(336): CodeIgniter\CodeIgniter->handleRequest(NULL, Object(Config\Cache), false)
#9 D:\xampp\htdocs\scholarinfosystem\public\index.php(37): CodeIgniter\CodeIgniter->run()
#10 D:\xampp\htdocs\scholarinfosystem\vendor\codeigniter4\framework\system\Commands\Server\rewrite.php(45): require_once('D:\\xampp\\htdocs...')
#11 {main}
CRITICAL - 2021-06-30 09:58:29 --> Undefined variable: css
#0 D:\xampp\htdocs\scholarinfosystem\app\Views\main.php(12): CodeIgniter\Debug\Exceptions->errorHandler(8, 'Undefined varia...', 'D:\\xampp\\htdocs...', 12, Array)
#1 D:\xampp\htdocs\scholarinfosystem\vendor\codeigniter4\framework\system\View\View.php(230): include('D:\\xampp\\htdocs...')
#2 D:\xampp\htdocs\scholarinfosystem\vendor\codeigniter4\framework\system\View\View.php(232): CodeIgniter\View\View->CodeIgniter\View\{closure}()
#3 D:\xampp\htdocs\scholarinfosystem\vendor\codeigniter4\framework\system\View\View.php(246): CodeIgniter\View\View->render('main', Array, true)
#4 D:\xampp\htdocs\scholarinfosystem\vendor\codeigniter4\framework\system\Common.php(1271): CodeIgniter\View\View->render('user/profile', Array, true)
#5 D:\xampp\htdocs\scholarinfosystem\app\Controllers\User\Profile.php(22): view('user/profile', Array)
#6 D:\xampp\htdocs\scholarinfosystem\vendor\codeigniter4\framework\system\CodeIgniter.php(928): App\Controllers\User\Profile->index()
#7 D:\xampp\htdocs\scholarinfosystem\vendor\codeigniter4\framework\system\CodeIgniter.php(436): CodeIgniter\CodeIgniter->runController(Object(App\Controllers\User\Profile))
#8 D:\xampp\htdocs\scholarinfosystem\vendor\codeigniter4\framework\system\CodeIgniter.php(336): CodeIgniter\CodeIgniter->handleRequest(NULL, Object(Config\Cache), false)
#9 D:\xampp\htdocs\scholarinfosystem\public\index.php(37): CodeIgniter\CodeIgniter->run()
#10 D:\xampp\htdocs\scholarinfosystem\vendor\codeigniter4\framework\system\Commands\Server\rewrite.php(45): require_once('D:\\xampp\\htdocs...')
#11 {main}
CRITICAL - 2021-06-30 09:58:29 --> Undefined variable: css
#0 D:\xampp\htdocs\scholarinfosystem\app\Views\main.php(12): CodeIgniter\Debug\Exceptions->errorHandler(8, 'Undefined varia...', 'D:\\xampp\\htdocs...', 12, Array)
#1 D:\xampp\htdocs\scholarinfosystem\vendor\codeigniter4\framework\system\View\View.php(230): include('D:\\xampp\\htdocs...')
#2 D:\xampp\htdocs\scholarinfosystem\vendor\codeigniter4\framework\system\View\View.php(232): CodeIgniter\View\View->CodeIgniter\View\{closure}()
#3 D:\xampp\htdocs\scholarinfosystem\vendor\codeigniter4\framework\system\View\View.php(246): CodeIgniter\View\View->render('main', Array, true)
#4 D:\xampp\htdocs\scholarinfosystem\vendor\codeigniter4\framework\system\Common.php(1271): CodeIgniter\View\View->render('user/profile', Array, true)
#5 D:\xampp\htdocs\scholarinfosystem\app\Controllers\User\Profile.php(22): view('user/profile', Array)
#6 D:\xampp\htdocs\scholarinfosystem\vendor\codeigniter4\framework\system\CodeIgniter.php(928): App\Controllers\User\Profile->index()
#7 D:\xampp\htdocs\scholarinfosystem\vendor\codeigniter4\framework\system\CodeIgniter.php(436): CodeIgniter\CodeIgniter->runController(Object(App\Controllers\User\Profile))
#8 D:\xampp\htdocs\scholarinfosystem\vendor\codeigniter4\framework\system\CodeIgniter.php(336): CodeIgniter\CodeIgniter->handleRequest(NULL, Object(Config\Cache), false)
#9 D:\xampp\htdocs\scholarinfosystem\public\index.php(37): CodeIgniter\CodeIgniter->run()
#10 D:\xampp\htdocs\scholarinfosystem\vendor\codeigniter4\framework\system\Commands\Server\rewrite.php(45): require_once('D:\\xampp\\htdocs...')
#11 {main}
CRITICAL - 2021-06-30 09:58:30 --> Undefined variable: css
#0 D:\xampp\htdocs\scholarinfosystem\app\Views\main.php(12): CodeIgniter\Debug\Exceptions->errorHandler(8, 'Undefined varia...', 'D:\\xampp\\htdocs...', 12, Array)
#1 D:\xampp\htdocs\scholarinfosystem\vendor\codeigniter4\framework\system\View\View.php(230): include('D:\\xampp\\htdocs...')
#2 D:\xampp\htdocs\scholarinfosystem\vendor\codeigniter4\framework\system\View\View.php(232): CodeIgniter\View\View->CodeIgniter\View\{closure}()
#3 D:\xampp\htdocs\scholarinfosystem\vendor\codeigniter4\framework\system\View\View.php(246): CodeIgniter\View\View->render('main', Array, true)
#4 D:\xampp\htdocs\scholarinfosystem\vendor\codeigniter4\framework\system\Common.php(1271): CodeIgniter\View\View->render('user/profile', Array, true)
#5 D:\xampp\htdocs\scholarinfosystem\app\Controllers\User\Profile.php(22): view('user/profile', Array)
#6 D:\xampp\htdocs\scholarinfosystem\vendor\codeigniter4\framework\system\CodeIgniter.php(928): App\Controllers\User\Profile->index()
#7 D:\xampp\htdocs\scholarinfosystem\vendor\codeigniter4\framework\system\CodeIgniter.php(436): CodeIgniter\CodeIgniter->runController(Object(App\Controllers\User\Profile))
#8 D:\xampp\htdocs\scholarinfosystem\vendor\codeigniter4\framework\system\CodeIgniter.php(336): CodeIgniter\CodeIgniter->handleRequest(NULL, Object(Config\Cache), false)
#9 D:\xampp\htdocs\scholarinfosystem\public\index.php(37): CodeIgniter\CodeIgniter->run()
#10 D:\xampp\htdocs\scholarinfosystem\vendor\codeigniter4\framework\system\Commands\Server\rewrite.php(45): require_once('D:\\xampp\\htdocs...')
#11 {main}
CRITICAL - 2021-06-30 09:58:46 --> Undefined variable: css
#0 D:\xampp\htdocs\scholarinfosystem\app\Views\main.php(12): CodeIgniter\Debug\Exceptions->errorHandler(8, 'Undefined varia...', 'D:\\xampp\\htdocs...', 12, Array)
#1 D:\xampp\htdocs\scholarinfosystem\vendor\codeigniter4\framework\system\View\View.php(230): include('D:\\xampp\\htdocs...')
#2 D:\xampp\htdocs\scholarinfosystem\vendor\codeigniter4\framework\system\View\View.php(232): CodeIgniter\View\View->CodeIgniter\View\{closure}()
#3 D:\xampp\htdocs\scholarinfosystem\vendor\codeigniter4\framework\system\View\View.php(246): CodeIgniter\View\View->render('main', Array, true)
#4 D:\xampp\htdocs\scholarinfosystem\vendor\codeigniter4\framework\system\Common.php(1271): CodeIgniter\View\View->render('user/profile', Array, true)
#5 D:\xampp\htdocs\scholarinfosystem\app\Controllers\User\Profile.php(21): view('user/profile', Array)
#6 D:\xampp\htdocs\scholarinfosystem\vendor\codeigniter4\framework\system\CodeIgniter.php(928): App\Controllers\User\Profile->index()
#7 D:\xampp\htdocs\scholarinfosystem\vendor\codeigniter4\framework\system\CodeIgniter.php(436): CodeIgniter\CodeIgniter->runController(Object(App\Controllers\User\Profile))
#8 D:\xampp\htdocs\scholarinfosystem\vendor\codeigniter4\framework\system\CodeIgniter.php(336): CodeIgniter\CodeIgniter->handleRequest(NULL, Object(Config\Cache), false)
#9 D:\xampp\htdocs\scholarinfosystem\public\index.php(37): CodeIgniter\CodeIgniter->run()
#10 D:\xampp\htdocs\scholarinfosystem\vendor\codeigniter4\framework\system\Commands\Server\rewrite.php(45): require_once('D:\\xampp\\htdocs...')
#11 {main}
CRITICAL - 2021-06-30 09:58:47 --> Undefined variable: css
#0 D:\xampp\htdocs\scholarinfosystem\app\Views\main.php(12): CodeIgniter\Debug\Exceptions->errorHandler(8, 'Undefined varia...', 'D:\\xampp\\htdocs...', 12, Array)
#1 D:\xampp\htdocs\scholarinfosystem\vendor\codeigniter4\framework\system\View\View.php(230): include('D:\\xampp\\htdocs...')
#2 D:\xampp\htdocs\scholarinfosystem\vendor\codeigniter4\framework\system\View\View.php(232): CodeIgniter\View\View->CodeIgniter\View\{closure}()
#3 D:\xampp\htdocs\scholarinfosystem\vendor\codeigniter4\framework\system\View\View.php(246): CodeIgniter\View\View->render('main', Array, true)
#4 D:\xampp\htdocs\scholarinfosystem\vendor\codeigniter4\framework\system\Common.php(1271): CodeIgniter\View\View->render('user/profile', Array, true)
#5 D:\xampp\htdocs\scholarinfosystem\app\Controllers\User\Profile.php(21): view('user/profile', Array)
#6 D:\xampp\htdocs\scholarinfosystem\vendor\codeigniter4\framework\system\CodeIgniter.php(928): App\Controllers\User\Profile->index()
#7 D:\xampp\htdocs\scholarinfosystem\vendor\codeigniter4\framework\system\CodeIgniter.php(436): CodeIgniter\CodeIgniter->runController(Object(App\Controllers\User\Profile))
#8 D:\xampp\htdocs\scholarinfosystem\vendor\codeigniter4\framework\system\CodeIgniter.php(336): CodeIgniter\CodeIgniter->handleRequest(NULL, Object(Config\Cache), false)
#9 D:\xampp\htdocs\scholarinfosystem\public\index.php(37): CodeIgniter\CodeIgniter->run()
#10 D:\xampp\htdocs\scholarinfosystem\vendor\codeigniter4\framework\system\Commands\Server\rewrite.php(45): require_once('D:\\xampp\\htdocs...')
#11 {main}
