CRITICAL - 2021-07-01 03:39:16 --> Undefined variable: css
#0 D:\xampp\htdocs\scholarinfosystem\app\Views\main.php(12): CodeIgniter\Debug\Exceptions->errorHandler(8, 'Undefined varia...', 'D:\\xampp\\htdocs...', 12, Array)
#1 D:\xampp\htdocs\scholarinfosystem\vendor\codeigniter4\framework\system\View\View.php(230): include('D:\\xampp\\htdocs...')
#2 D:\xampp\htdocs\scholarinfosystem\vendor\codeigniter4\framework\system\View\View.php(232): CodeIgniter\View\View->CodeIgniter\View\{closure}()
#3 D:\xampp\htdocs\scholarinfosystem\vendor\codeigniter4\framework\system\View\View.php(246): CodeIgniter\View\View->render('main', Array, true)
#4 D:\xampp\htdocs\scholarinfosystem\vendor\codeigniter4\framework\system\Common.php(1271): CodeIgniter\View\View->render('login', Array, true)
#5 D:\xampp\htdocs\scholarinfosystem\app\Controllers\Login.php(10): view('login')
#6 D:\xampp\htdocs\scholarinfosystem\vendor\codeigniter4\framework\system\CodeIgniter.php(928): App\Controllers\Login->index()
#7 D:\xampp\htdocs\scholarinfosystem\vendor\codeigniter4\framework\system\CodeIgniter.php(436): CodeIgniter\CodeIgniter->runController(Object(App\Controllers\Login))
#8 D:\xampp\htdocs\scholarinfosystem\vendor\codeigniter4\framework\system\CodeIgniter.php(336): CodeIgniter\CodeIgniter->handleRequest(NULL, Object(Config\Cache), false)
#9 D:\xampp\htdocs\scholarinfosystem\public\index.php(37): CodeIgniter\CodeIgniter->run()
#10 D:\xampp\htdocs\scholarinfosystem\vendor\codeigniter4\framework\system\Commands\Server\rewrite.php(45): require_once('D:\\xampp\\htdocs...')
#11 {main}
CRITICAL - 2021-07-01 03:41:22 --> Undefined variable: css
#0 D:\xampp\htdocs\scholarinfosystem\app\Views\main.php(12): CodeIgniter\Debug\Exceptions->errorHandler(8, 'Undefined varia...', 'D:\\xampp\\htdocs...', 12, Array)
#1 D:\xampp\htdocs\scholarinfosystem\vendor\codeigniter4\framework\system\View\View.php(230): include('D:\\xampp\\htdocs...')
#2 D:\xampp\htdocs\scholarinfosystem\vendor\codeigniter4\framework\system\View\View.php(232): CodeIgniter\View\View->CodeIgniter\View\{closure}()
#3 D:\xampp\htdocs\scholarinfosystem\vendor\codeigniter4\framework\system\View\View.php(246): CodeIgniter\View\View->render('main', Array, true)
#4 D:\xampp\htdocs\scholarinfosystem\vendor\codeigniter4\framework\system\Common.php(1271): CodeIgniter\View\View->render('register', Array, true)
#5 D:\xampp\htdocs\scholarinfosystem\app\Controllers\Register.php(14): view('register')
#6 D:\xampp\htdocs\scholarinfosystem\vendor\codeigniter4\framework\system\CodeIgniter.php(928): App\Controllers\Register->index()
#7 D:\xampp\htdocs\scholarinfosystem\vendor\codeigniter4\framework\system\CodeIgniter.php(436): CodeIgniter\CodeIgniter->runController(Object(App\Controllers\Register))
#8 D:\xampp\htdocs\scholarinfosystem\vendor\codeigniter4\framework\system\CodeIgniter.php(336): CodeIgniter\CodeIgniter->handleRequest(NULL, Object(Config\Cache), false)
#9 D:\xampp\htdocs\scholarinfosystem\public\index.php(37): CodeIgniter\CodeIgniter->run()
#10 D:\xampp\htdocs\scholarinfosystem\vendor\codeigniter4\framework\system\Commands\Server\rewrite.php(45): require_once('D:\\xampp\\htdocs...')
#11 {main}
ERROR - 2021-07-01 03:52:13 --> Error connecting to the database: No connection could be made because the target machine actively refused it.

CRITICAL - 2021-07-01 03:52:13 --> Unable to connect to the database.
Main connection [MySQLi]: No connection could be made because the target machine actively refused it.

#0 D:\xampp\htdocs\scholarinfosystem\vendor\codeigniter4\framework\system\Database\BaseConnection.php(625): CodeIgniter\Database\BaseConnection->initialize()
#1 D:\xampp\htdocs\scholarinfosystem\vendor\codeigniter4\framework\system\Database\BaseBuilder.php(1881): CodeIgniter\Database\BaseConnection->query('SELECT *\nFROM `...', Array, false)
#2 D:\xampp\htdocs\scholarinfosystem\vendor\codeigniter4\framework\system\Model.php(228): CodeIgniter\Database\BaseBuilder->get()
#3 D:\xampp\htdocs\scholarinfosystem\vendor\codeigniter4\framework\system\BaseModel.php(644): CodeIgniter\Model->doFirst()
#4 D:\xampp\htdocs\scholarinfosystem\app\Controllers\Login.php(24): CodeIgniter\BaseModel->first()
#5 D:\xampp\htdocs\scholarinfosystem\vendor\codeigniter4\framework\system\CodeIgniter.php(928): App\Controllers\Login->login()
#6 D:\xampp\htdocs\scholarinfosystem\vendor\codeigniter4\framework\system\CodeIgniter.php(436): CodeIgniter\CodeIgniter->runController(Object(App\Controllers\Login))
#7 D:\xampp\htdocs\scholarinfosystem\vendor\codeigniter4\framework\system\CodeIgniter.php(336): CodeIgniter\CodeIgniter->handleRequest(NULL, Object(Config\Cache), false)
#8 D:\xampp\htdocs\scholarinfosystem\public\index.php(37): CodeIgniter\CodeIgniter->run()
#9 D:\xampp\htdocs\scholarinfosystem\vendor\codeigniter4\framework\system\Commands\Server\rewrite.php(45): require_once('D:\\xampp\\htdocs...')
#10 {main}
ERROR - 2021-07-01 07:37:38 --> Column 'elem_school' cannot be null
CRITICAL - 2021-07-01 07:37:38 --> Column 'elem_school' cannot be null
#0 D:\xampp\htdocs\scholarinfosystem\vendor\codeigniter4\framework\system\Database\MySQLi\Connection.php(329): mysqli->query('INSERT INTO `ed...')
#1 D:\xampp\htdocs\scholarinfosystem\vendor\codeigniter4\framework\system\Database\BaseConnection.php(732): CodeIgniter\Database\MySQLi\Connection->execute('INSERT INTO `ed...')
#2 D:\xampp\htdocs\scholarinfosystem\vendor\codeigniter4\framework\system\Database\BaseConnection.php(647): CodeIgniter\Database\BaseConnection->simpleQuery('INSERT INTO `ed...')
#3 D:\xampp\htdocs\scholarinfosystem\vendor\codeigniter4\framework\system\Database\BaseBuilder.php(2277): CodeIgniter\Database\BaseConnection->query('INSERT INTO `ed...', Array, false)
#4 D:\xampp\htdocs\scholarinfosystem\vendor\codeigniter4\framework\system\Model.php(259): CodeIgniter\Database\BaseBuilder->insert()
#5 D:\xampp\htdocs\scholarinfosystem\vendor\codeigniter4\framework\system\BaseModel.php(774): CodeIgniter\Model->doInsert(Array)
#6 D:\xampp\htdocs\scholarinfosystem\vendor\codeigniter4\framework\system\Model.php(686): CodeIgniter\BaseModel->insert(Array, false)
#7 D:\xampp\htdocs\scholarinfosystem\vendor\codeigniter4\framework\system\BaseModel.php(687): CodeIgniter\Model->insert(Array, false)
#8 D:\xampp\htdocs\scholarinfosystem\app\Controllers\User\Profile.php(42): CodeIgniter\BaseModel->save(Array)
#9 D:\xampp\htdocs\scholarinfosystem\vendor\codeigniter4\framework\system\CodeIgniter.php(928): App\Controllers\User\Profile->saveEducation()
#10 D:\xampp\htdocs\scholarinfosystem\vendor\codeigniter4\framework\system\CodeIgniter.php(436): CodeIgniter\CodeIgniter->runController(Object(App\Controllers\User\Profile))
#11 D:\xampp\htdocs\scholarinfosystem\vendor\codeigniter4\framework\system\CodeIgniter.php(336): CodeIgniter\CodeIgniter->handleRequest(NULL, Object(Config\Cache), false)
#12 D:\xampp\htdocs\scholarinfosystem\public\index.php(37): CodeIgniter\CodeIgniter->run()
#13 D:\xampp\htdocs\scholarinfosystem\vendor\codeigniter4\framework\system\Commands\Server\rewrite.php(45): require_once('D:\\xampp\\htdocs...')
#14 {main}
ERROR - 2021-07-01 07:40:18 --> Cannot add or update a child row: a foreign key constraint fails (`scholarinfosystem`.`education`, CONSTRAINT `education_ibfk_1` FOREIGN KEY (`user_id`) REFERENCES `users` (`user_id`) ON DELETE CASCADE ON UPDATE CASCADE)
CRITICAL - 2021-07-01 07:40:18 --> Cannot add or update a child row: a foreign key constraint fails (`scholarinfosystem`.`education`, CONSTRAINT `education_ibfk_1` FOREIGN KEY (`user_id`) REFERENCES `users` (`user_id`) ON DELETE CASCADE ON UPDATE CASCADE)
#0 D:\xampp\htdocs\scholarinfosystem\vendor\codeigniter4\framework\system\Database\MySQLi\Connection.php(329): mysqli->query('INSERT INTO `ed...')
#1 D:\xampp\htdocs\scholarinfosystem\vendor\codeigniter4\framework\system\Database\BaseConnection.php(732): CodeIgniter\Database\MySQLi\Connection->execute('INSERT INTO `ed...')
#2 D:\xampp\htdocs\scholarinfosystem\vendor\codeigniter4\framework\system\Database\BaseConnection.php(647): CodeIgniter\Database\BaseConnection->simpleQuery('INSERT INTO `ed...')
#3 D:\xampp\htdocs\scholarinfosystem\vendor\codeigniter4\framework\system\Database\BaseBuilder.php(2277): CodeIgniter\Database\BaseConnection->query('INSERT INTO `ed...', Array, false)
#4 D:\xampp\htdocs\scholarinfosystem\vendor\codeigniter4\framework\system\Model.php(259): CodeIgniter\Database\BaseBuilder->insert()
#5 D:\xampp\htdocs\scholarinfosystem\vendor\codeigniter4\framework\system\BaseModel.php(774): CodeIgniter\Model->doInsert(Array)
#6 D:\xampp\htdocs\scholarinfosystem\vendor\codeigniter4\framework\system\Model.php(686): CodeIgniter\BaseModel->insert(Array, false)
#7 D:\xampp\htdocs\scholarinfosystem\vendor\codeigniter4\framework\system\BaseModel.php(687): CodeIgniter\Model->insert(Array, false)
#8 D:\xampp\htdocs\scholarinfosystem\app\Controllers\User\Profile.php(42): CodeIgniter\BaseModel->save(Array)
#9 D:\xampp\htdocs\scholarinfosystem\vendor\codeigniter4\framework\system\CodeIgniter.php(928): App\Controllers\User\Profile->saveEducation()
#10 D:\xampp\htdocs\scholarinfosystem\vendor\codeigniter4\framework\system\CodeIgniter.php(436): CodeIgniter\CodeIgniter->runController(Object(App\Controllers\User\Profile))
#11 D:\xampp\htdocs\scholarinfosystem\vendor\codeigniter4\framework\system\CodeIgniter.php(336): CodeIgniter\CodeIgniter->handleRequest(NULL, Object(Config\Cache), false)
#12 D:\xampp\htdocs\scholarinfosystem\public\index.php(37): CodeIgniter\CodeIgniter->run()
#13 D:\xampp\htdocs\scholarinfosystem\vendor\codeigniter4\framework\system\Commands\Server\rewrite.php(45): require_once('D:\\xampp\\htdocs...')
#14 {main}
CRITICAL - 2021-07-01 07:41:54 --> Invalid file: profile.php
#0 D:\xampp\htdocs\scholarinfosystem\vendor\codeigniter4\framework\system\View\View.php(213): CodeIgniter\Exceptions\FrameworkException::forInvalidFile('profile.php')
#1 D:\xampp\htdocs\scholarinfosystem\vendor\codeigniter4\framework\system\Common.php(1271): CodeIgniter\View\View->render('profile', Array, true)
#2 D:\xampp\htdocs\scholarinfosystem\app\Controllers\User\Profile.php(44): view('profile')
#3 D:\xampp\htdocs\scholarinfosystem\vendor\codeigniter4\framework\system\CodeIgniter.php(928): App\Controllers\User\Profile->saveEducation()
#4 D:\xampp\htdocs\scholarinfosystem\vendor\codeigniter4\framework\system\CodeIgniter.php(436): CodeIgniter\CodeIgniter->runController(Object(App\Controllers\User\Profile))
#5 D:\xampp\htdocs\scholarinfosystem\vendor\codeigniter4\framework\system\CodeIgniter.php(336): CodeIgniter\CodeIgniter->handleRequest(NULL, Object(Config\Cache), false)
#6 D:\xampp\htdocs\scholarinfosystem\public\index.php(37): CodeIgniter\CodeIgniter->run()
#7 D:\xampp\htdocs\scholarinfosystem\vendor\codeigniter4\framework\system\Commands\Server\rewrite.php(45): require_once('D:\\xampp\\htdocs...')
#8 {main}
CRITICAL - 2021-07-01 07:42:23 --> Undefined variable: full_name
#0 D:\xampp\htdocs\scholarinfosystem\app\Views\User\profile.php(15): CodeIgniter\Debug\Exceptions->errorHandler(8, 'Undefined varia...', 'D:\\xampp\\htdocs...', 15, Array)
#1 D:\xampp\htdocs\scholarinfosystem\vendor\codeigniter4\framework\system\View\View.php(230): include('D:\\xampp\\htdocs...')
#2 D:\xampp\htdocs\scholarinfosystem\vendor\codeigniter4\framework\system\View\View.php(232): CodeIgniter\View\View->CodeIgniter\View\{closure}()
#3 D:\xampp\htdocs\scholarinfosystem\vendor\codeigniter4\framework\system\Common.php(1271): CodeIgniter\View\View->render('user/profile', Array, true)
#4 D:\xampp\htdocs\scholarinfosystem\app\Controllers\User\Profile.php(44): view('user/profile')
#5 D:\xampp\htdocs\scholarinfosystem\vendor\codeigniter4\framework\system\CodeIgniter.php(928): App\Controllers\User\Profile->saveEducation()
#6 D:\xampp\htdocs\scholarinfosystem\vendor\codeigniter4\framework\system\CodeIgniter.php(436): CodeIgniter\CodeIgniter->runController(Object(App\Controllers\User\Profile))
#7 D:\xampp\htdocs\scholarinfosystem\vendor\codeigniter4\framework\system\CodeIgniter.php(336): CodeIgniter\CodeIgniter->handleRequest(NULL, Object(Config\Cache), false)
#8 D:\xampp\htdocs\scholarinfosystem\public\index.php(37): CodeIgniter\CodeIgniter->run()
#9 D:\xampp\htdocs\scholarinfosystem\vendor\codeigniter4\framework\system\Commands\Server\rewrite.php(45): require_once('D:\\xampp\\htdocs...')
#10 {main}
CRITICAL - 2021-07-01 07:47:45 --> Undefined variable: full_name
#0 D:\xampp\htdocs\scholarinfosystem\app\Views\User\profile.php(15): CodeIgniter\Debug\Exceptions->errorHandler(8, 'Undefined varia...', 'D:\\xampp\\htdocs...', 15, Array)
#1 D:\xampp\htdocs\scholarinfosystem\vendor\codeigniter4\framework\system\View\View.php(230): include('D:\\xampp\\htdocs...')
#2 D:\xampp\htdocs\scholarinfosystem\vendor\codeigniter4\framework\system\View\View.php(232): CodeIgniter\View\View->CodeIgniter\View\{closure}()
#3 D:\xampp\htdocs\scholarinfosystem\vendor\codeigniter4\framework\system\Common.php(1271): CodeIgniter\View\View->render('user/profile', Array, true)
#4 D:\xampp\htdocs\scholarinfosystem\app\Controllers\User\Profile.php(44): view('user/profile')
#5 D:\xampp\htdocs\scholarinfosystem\vendor\codeigniter4\framework\system\CodeIgniter.php(928): App\Controllers\User\Profile->saveEducation()
#6 D:\xampp\htdocs\scholarinfosystem\vendor\codeigniter4\framework\system\CodeIgniter.php(436): CodeIgniter\CodeIgniter->runController(Object(App\Controllers\User\Profile))
#7 D:\xampp\htdocs\scholarinfosystem\vendor\codeigniter4\framework\system\CodeIgniter.php(336): CodeIgniter\CodeIgniter->handleRequest(NULL, Object(Config\Cache), false)
#8 D:\xampp\htdocs\scholarinfosystem\public\index.php(37): CodeIgniter\CodeIgniter->run()
#9 D:\xampp\htdocs\scholarinfosystem\vendor\codeigniter4\framework\system\Commands\Server\rewrite.php(45): require_once('D:\\xampp\\htdocs...')
#10 {main}
CRITICAL - 2021-07-01 07:48:16 --> Undefined variable: css
#0 D:\xampp\htdocs\scholarinfosystem\app\Views\main.php(12): CodeIgniter\Debug\Exceptions->errorHandler(8, 'Undefined varia...', 'D:\\xampp\\htdocs...', 12, Array)
#1 D:\xampp\htdocs\scholarinfosystem\vendor\codeigniter4\framework\system\View\View.php(230): include('D:\\xampp\\htdocs...')
#2 D:\xampp\htdocs\scholarinfosystem\vendor\codeigniter4\framework\system\View\View.php(232): CodeIgniter\View\View->CodeIgniter\View\{closure}()
#3 D:\xampp\htdocs\scholarinfosystem\vendor\codeigniter4\framework\system\View\View.php(246): CodeIgniter\View\View->render('main', Array, true)
#4 D:\xampp\htdocs\scholarinfosystem\vendor\codeigniter4\framework\system\Common.php(1271): CodeIgniter\View\View->render('user/profile', Array, true)
#5 D:\xampp\htdocs\scholarinfosystem\app\Controllers\User\Profile.php(50): view('user/profile', Array)
#6 D:\xampp\htdocs\scholarinfosystem\vendor\codeigniter4\framework\system\CodeIgniter.php(928): App\Controllers\User\Profile->saveEducation()
#7 D:\xampp\htdocs\scholarinfosystem\vendor\codeigniter4\framework\system\CodeIgniter.php(436): CodeIgniter\CodeIgniter->runController(Object(App\Controllers\User\Profile))
#8 D:\xampp\htdocs\scholarinfosystem\vendor\codeigniter4\framework\system\CodeIgniter.php(336): CodeIgniter\CodeIgniter->handleRequest(NULL, Object(Config\Cache), false)
#9 D:\xampp\htdocs\scholarinfosystem\public\index.php(37): CodeIgniter\CodeIgniter->run()
#10 D:\xampp\htdocs\scholarinfosystem\vendor\codeigniter4\framework\system\Commands\Server\rewrite.php(45): require_once('D:\\xampp\\htdocs...')
#11 {main}
ERROR - 2021-07-01 07:55:47 --> Duplicate entry '2' for key 'PRIMARY'
CRITICAL - 2021-07-01 07:55:47 --> Duplicate entry '2' for key 'PRIMARY'
#0 D:\xampp\htdocs\scholarinfosystem\vendor\codeigniter4\framework\system\Database\MySQLi\Connection.php(329): mysqli->query('INSERT INTO `ed...')
#1 D:\xampp\htdocs\scholarinfosystem\vendor\codeigniter4\framework\system\Database\BaseConnection.php(732): CodeIgniter\Database\MySQLi\Connection->execute('INSERT INTO `ed...')
#2 D:\xampp\htdocs\scholarinfosystem\vendor\codeigniter4\framework\system\Database\BaseConnection.php(647): CodeIgniter\Database\BaseConnection->simpleQuery('INSERT INTO `ed...')
#3 D:\xampp\htdocs\scholarinfosystem\vendor\codeigniter4\framework\system\Database\BaseBuilder.php(2277): CodeIgniter\Database\BaseConnection->query('INSERT INTO `ed...', Array, false)
#4 D:\xampp\htdocs\scholarinfosystem\vendor\codeigniter4\framework\system\Model.php(259): CodeIgniter\Database\BaseBuilder->insert()
#5 D:\xampp\htdocs\scholarinfosystem\vendor\codeigniter4\framework\system\BaseModel.php(774): CodeIgniter\Model->doInsert(Array)
#6 D:\xampp\htdocs\scholarinfosystem\vendor\codeigniter4\framework\system\Model.php(686): CodeIgniter\BaseModel->insert(Array, true)
#7 D:\xampp\htdocs\scholarinfosystem\app\Controllers\User\Profile.php(55): CodeIgniter\Model->insert(Array)
#8 D:\xampp\htdocs\scholarinfosystem\vendor\codeigniter4\framework\system\CodeIgniter.php(928): App\Controllers\User\Profile->saveEducation()
#9 D:\xampp\htdocs\scholarinfosystem\vendor\codeigniter4\framework\system\CodeIgniter.php(436): CodeIgniter\CodeIgniter->runController(Object(App\Controllers\User\Profile))
#10 D:\xampp\htdocs\scholarinfosystem\vendor\codeigniter4\framework\system\CodeIgniter.php(336): CodeIgniter\CodeIgniter->handleRequest(NULL, Object(Config\Cache), false)
#11 D:\xampp\htdocs\scholarinfosystem\public\index.php(37): CodeIgniter\CodeIgniter->run()
#12 D:\xampp\htdocs\scholarinfosystem\vendor\codeigniter4\framework\system\Commands\Server\rewrite.php(45): require_once('D:\\xampp\\htdocs...')
#13 {main}
ERROR - 2021-07-01 07:58:36 --> Duplicate entry '2' for key 'PRIMARY'
CRITICAL - 2021-07-01 07:58:36 --> Duplicate entry '2' for key 'PRIMARY'
#0 D:\xampp\htdocs\scholarinfosystem\vendor\codeigniter4\framework\system\Database\MySQLi\Connection.php(329): mysqli->query('INSERT INTO `ed...')
#1 D:\xampp\htdocs\scholarinfosystem\vendor\codeigniter4\framework\system\Database\BaseConnection.php(732): CodeIgniter\Database\MySQLi\Connection->execute('INSERT INTO `ed...')
#2 D:\xampp\htdocs\scholarinfosystem\vendor\codeigniter4\framework\system\Database\BaseConnection.php(647): CodeIgniter\Database\BaseConnection->simpleQuery('INSERT INTO `ed...')
#3 D:\xampp\htdocs\scholarinfosystem\vendor\codeigniter4\framework\system\Database\BaseBuilder.php(2277): CodeIgniter\Database\BaseConnection->query('INSERT INTO `ed...', Array, false)
#4 D:\xampp\htdocs\scholarinfosystem\vendor\codeigniter4\framework\system\Model.php(259): CodeIgniter\Database\BaseBuilder->insert()
#5 D:\xampp\htdocs\scholarinfosystem\vendor\codeigniter4\framework\system\BaseModel.php(774): CodeIgniter\Model->doInsert(Array)
#6 D:\xampp\htdocs\scholarinfosystem\vendor\codeigniter4\framework\system\Model.php(686): CodeIgniter\BaseModel->insert(Array, true)
#7 D:\xampp\htdocs\scholarinfosystem\app\Controllers\User\Profile.php(52): CodeIgniter\Model->insert(Array)
#8 D:\xampp\htdocs\scholarinfosystem\vendor\codeigniter4\framework\system\CodeIgniter.php(928): App\Controllers\User\Profile->saveEducation()
#9 D:\xampp\htdocs\scholarinfosystem\vendor\codeigniter4\framework\system\CodeIgniter.php(436): CodeIgniter\CodeIgniter->runController(Object(App\Controllers\User\Profile))
#10 D:\xampp\htdocs\scholarinfosystem\vendor\codeigniter4\framework\system\CodeIgniter.php(336): CodeIgniter\CodeIgniter->handleRequest(NULL, Object(Config\Cache), false)
#11 D:\xampp\htdocs\scholarinfosystem\public\index.php(37): CodeIgniter\CodeIgniter->run()
#12 D:\xampp\htdocs\scholarinfosystem\vendor\codeigniter4\framework\system\Commands\Server\rewrite.php(45): require_once('D:\\xampp\\htdocs...')
#13 {main}
ERROR - 2021-07-01 08:01:34 --> Duplicate entry '2' for key 'PRIMARY'
CRITICAL - 2021-07-01 08:01:34 --> Duplicate entry '2' for key 'PRIMARY'
#0 D:\xampp\htdocs\scholarinfosystem\vendor\codeigniter4\framework\system\Database\MySQLi\Connection.php(329): mysqli->query('INSERT INTO `ed...')
#1 D:\xampp\htdocs\scholarinfosystem\vendor\codeigniter4\framework\system\Database\BaseConnection.php(732): CodeIgniter\Database\MySQLi\Connection->execute('INSERT INTO `ed...')
#2 D:\xampp\htdocs\scholarinfosystem\vendor\codeigniter4\framework\system\Database\BaseConnection.php(647): CodeIgniter\Database\BaseConnection->simpleQuery('INSERT INTO `ed...')
#3 D:\xampp\htdocs\scholarinfosystem\vendor\codeigniter4\framework\system\Database\BaseBuilder.php(2277): CodeIgniter\Database\BaseConnection->query('INSERT INTO `ed...', Array, false)
#4 D:\xampp\htdocs\scholarinfosystem\vendor\codeigniter4\framework\system\Model.php(259): CodeIgniter\Database\BaseBuilder->insert()
#5 D:\xampp\htdocs\scholarinfosystem\vendor\codeigniter4\framework\system\BaseModel.php(774): CodeIgniter\Model->doInsert(Array)
#6 D:\xampp\htdocs\scholarinfosystem\vendor\codeigniter4\framework\system\Model.php(686): CodeIgniter\BaseModel->insert(Array, true)
#7 D:\xampp\htdocs\scholarinfosystem\app\Controllers\User\Profile.php(45): CodeIgniter\Model->insert(Array)
#8 D:\xampp\htdocs\scholarinfosystem\vendor\codeigniter4\framework\system\CodeIgniter.php(928): App\Controllers\User\Profile->saveEducation()
#9 D:\xampp\htdocs\scholarinfosystem\vendor\codeigniter4\framework\system\CodeIgniter.php(436): CodeIgniter\CodeIgniter->runController(Object(App\Controllers\User\Profile))
#10 D:\xampp\htdocs\scholarinfosystem\vendor\codeigniter4\framework\system\CodeIgniter.php(336): CodeIgniter\CodeIgniter->handleRequest(NULL, Object(Config\Cache), false)
#11 D:\xampp\htdocs\scholarinfosystem\public\index.php(37): CodeIgniter\CodeIgniter->run()
#12 D:\xampp\htdocs\scholarinfosystem\vendor\codeigniter4\framework\system\Commands\Server\rewrite.php(45): require_once('D:\\xampp\\htdocs...')
#13 {main}
ERROR - 2021-07-01 08:02:36 --> Cannot add or update a child row: a foreign key constraint fails (`scholarinfosystem`.`education`, CONSTRAINT `education_ibfk_1` FOREIGN KEY (`user_id`) REFERENCES `personal` (`user_id`) ON DELETE CASCADE ON UPDATE CASCADE)
CRITICAL - 2021-07-01 08:02:36 --> Cannot add or update a child row: a foreign key constraint fails (`scholarinfosystem`.`education`, CONSTRAINT `education_ibfk_1` FOREIGN KEY (`user_id`) REFERENCES `personal` (`user_id`) ON DELETE CASCADE ON UPDATE CASCADE)
#0 D:\xampp\htdocs\scholarinfosystem\vendor\codeigniter4\framework\system\Database\MySQLi\Connection.php(329): mysqli->query('INSERT INTO `ed...')
#1 D:\xampp\htdocs\scholarinfosystem\vendor\codeigniter4\framework\system\Database\BaseConnection.php(732): CodeIgniter\Database\MySQLi\Connection->execute('INSERT INTO `ed...')
#2 D:\xampp\htdocs\scholarinfosystem\vendor\codeigniter4\framework\system\Database\BaseConnection.php(647): CodeIgniter\Database\BaseConnection->simpleQuery('INSERT INTO `ed...')
#3 D:\xampp\htdocs\scholarinfosystem\vendor\codeigniter4\framework\system\Database\BaseBuilder.php(2277): CodeIgniter\Database\BaseConnection->query('INSERT INTO `ed...', Array, false)
#4 D:\xampp\htdocs\scholarinfosystem\vendor\codeigniter4\framework\system\Model.php(259): CodeIgniter\Database\BaseBuilder->insert()
#5 D:\xampp\htdocs\scholarinfosystem\vendor\codeigniter4\framework\system\BaseModel.php(774): CodeIgniter\Model->doInsert(Array)
#6 D:\xampp\htdocs\scholarinfosystem\vendor\codeigniter4\framework\system\Model.php(686): CodeIgniter\BaseModel->insert(Array, true)
#7 D:\xampp\htdocs\scholarinfosystem\app\Controllers\User\Profile.php(45): CodeIgniter\Model->insert(Array)
#8 D:\xampp\htdocs\scholarinfosystem\vendor\codeigniter4\framework\system\CodeIgniter.php(928): App\Controllers\User\Profile->saveEducation()
#9 D:\xampp\htdocs\scholarinfosystem\vendor\codeigniter4\framework\system\CodeIgniter.php(436): CodeIgniter\CodeIgniter->runController(Object(App\Controllers\User\Profile))
#10 D:\xampp\htdocs\scholarinfosystem\vendor\codeigniter4\framework\system\CodeIgniter.php(336): CodeIgniter\CodeIgniter->handleRequest(NULL, Object(Config\Cache), false)
#11 D:\xampp\htdocs\scholarinfosystem\public\index.php(37): CodeIgniter\CodeIgniter->run()
#12 D:\xampp\htdocs\scholarinfosystem\vendor\codeigniter4\framework\system\Commands\Server\rewrite.php(45): require_once('D:\\xampp\\htdocs...')
#13 {main}
CRITICAL - 2021-07-01 08:02:38 --> Trying to access array offset on value of type null
#0 D:\xampp\htdocs\scholarinfosystem\app\Controllers\User\Profile.php(18): CodeIgniter\Debug\Exceptions->errorHandler(8, 'Trying to acces...', 'D:\\xampp\\htdocs...', 18, Array)
#1 D:\xampp\htdocs\scholarinfosystem\vendor\codeigniter4\framework\system\CodeIgniter.php(928): App\Controllers\User\Profile->index()
#2 D:\xampp\htdocs\scholarinfosystem\vendor\codeigniter4\framework\system\CodeIgniter.php(436): CodeIgniter\CodeIgniter->runController(Object(App\Controllers\User\Profile))
#3 D:\xampp\htdocs\scholarinfosystem\vendor\codeigniter4\framework\system\CodeIgniter.php(336): CodeIgniter\CodeIgniter->handleRequest(NULL, Object(Config\Cache), false)
#4 D:\xampp\htdocs\scholarinfosystem\public\index.php(37): CodeIgniter\CodeIgniter->run()
#5 D:\xampp\htdocs\scholarinfosystem\vendor\codeigniter4\framework\system\Commands\Server\rewrite.php(45): require_once('D:\\xampp\\htdocs...')
#6 {main}
CRITICAL - 2021-07-01 08:02:52 --> Trying to access array offset on value of type null
#0 D:\xampp\htdocs\scholarinfosystem\app\Controllers\User\Profile.php(18): CodeIgniter\Debug\Exceptions->errorHandler(8, 'Trying to acces...', 'D:\\xampp\\htdocs...', 18, Array)
#1 D:\xampp\htdocs\scholarinfosystem\vendor\codeigniter4\framework\system\CodeIgniter.php(928): App\Controllers\User\Profile->index()
#2 D:\xampp\htdocs\scholarinfosystem\vendor\codeigniter4\framework\system\CodeIgniter.php(436): CodeIgniter\CodeIgniter->runController(Object(App\Controllers\User\Profile))
#3 D:\xampp\htdocs\scholarinfosystem\vendor\codeigniter4\framework\system\CodeIgniter.php(336): CodeIgniter\CodeIgniter->handleRequest(NULL, Object(Config\Cache), false)
#4 D:\xampp\htdocs\scholarinfosystem\public\index.php(37): CodeIgniter\CodeIgniter->run()
#5 D:\xampp\htdocs\scholarinfosystem\vendor\codeigniter4\framework\system\Commands\Server\rewrite.php(45): require_once('D:\\xampp\\htdocs...')
#6 {main}
CRITICAL - 2021-07-01 08:02:54 --> Trying to access array offset on value of type null
#0 D:\xampp\htdocs\scholarinfosystem\app\Controllers\User\Profile.php(18): CodeIgniter\Debug\Exceptions->errorHandler(8, 'Trying to acces...', 'D:\\xampp\\htdocs...', 18, Array)
#1 D:\xampp\htdocs\scholarinfosystem\vendor\codeigniter4\framework\system\CodeIgniter.php(928): App\Controllers\User\Profile->index()
#2 D:\xampp\htdocs\scholarinfosystem\vendor\codeigniter4\framework\system\CodeIgniter.php(436): CodeIgniter\CodeIgniter->runController(Object(App\Controllers\User\Profile))
#3 D:\xampp\htdocs\scholarinfosystem\vendor\codeigniter4\framework\system\CodeIgniter.php(336): CodeIgniter\CodeIgniter->handleRequest(NULL, Object(Config\Cache), false)
#4 D:\xampp\htdocs\scholarinfosystem\public\index.php(37): CodeIgniter\CodeIgniter->run()
#5 D:\xampp\htdocs\scholarinfosystem\vendor\codeigniter4\framework\system\Commands\Server\rewrite.php(45): require_once('D:\\xampp\\htdocs...')
#6 {main}
ERROR - 2021-07-01 08:27:09 --> Duplicate entry '4' for key 'PRIMARY'
CRITICAL - 2021-07-01 08:27:09 --> Duplicate entry '4' for key 'PRIMARY'
#0 D:\xampp\htdocs\scholarinfosystem\vendor\codeigniter4\framework\system\Database\MySQLi\Connection.php(329): mysqli->query('INSERT INTO `ed...')
#1 D:\xampp\htdocs\scholarinfosystem\vendor\codeigniter4\framework\system\Database\BaseConnection.php(732): CodeIgniter\Database\MySQLi\Connection->execute('INSERT INTO `ed...')
#2 D:\xampp\htdocs\scholarinfosystem\vendor\codeigniter4\framework\system\Database\BaseConnection.php(647): CodeIgniter\Database\BaseConnection->simpleQuery('INSERT INTO `ed...')
#3 D:\xampp\htdocs\scholarinfosystem\vendor\codeigniter4\framework\system\Database\BaseBuilder.php(2277): CodeIgniter\Database\BaseConnection->query('INSERT INTO `ed...', Array, false)
#4 D:\xampp\htdocs\scholarinfosystem\vendor\codeigniter4\framework\system\Model.php(259): CodeIgniter\Database\BaseBuilder->insert()
#5 D:\xampp\htdocs\scholarinfosystem\vendor\codeigniter4\framework\system\BaseModel.php(774): CodeIgniter\Model->doInsert(Array)
#6 D:\xampp\htdocs\scholarinfosystem\vendor\codeigniter4\framework\system\Model.php(686): CodeIgniter\BaseModel->insert(Array, true)
#7 D:\xampp\htdocs\scholarinfosystem\app\Controllers\User\Profile.php(47): CodeIgniter\Model->insert(Array)
#8 D:\xampp\htdocs\scholarinfosystem\vendor\codeigniter4\framework\system\CodeIgniter.php(928): App\Controllers\User\Profile->saveEducation()
#9 D:\xampp\htdocs\scholarinfosystem\vendor\codeigniter4\framework\system\CodeIgniter.php(436): CodeIgniter\CodeIgniter->runController(Object(App\Controllers\User\Profile))
#10 D:\xampp\htdocs\scholarinfosystem\vendor\codeigniter4\framework\system\CodeIgniter.php(336): CodeIgniter\CodeIgniter->handleRequest(NULL, Object(Config\Cache), false)
#11 D:\xampp\htdocs\scholarinfosystem\public\index.php(37): CodeIgniter\CodeIgniter->run()
#12 D:\xampp\htdocs\scholarinfosystem\vendor\codeigniter4\framework\system\Commands\Server\rewrite.php(45): require_once('D:\\xampp\\htdocs...')
#13 {main}
