CRITICAL - 2021-06-14 01:12:42 --> Class 'App\Controllers\UserModel' not found
#0 D:\xampp\htdocs\scholarinfosystem\vendor\codeigniter4\framework\system\CodeIgniter.php(928): App\Controllers\Login->index()
#1 D:\xampp\htdocs\scholarinfosystem\vendor\codeigniter4\framework\system\CodeIgniter.php(436): CodeIgniter\CodeIgniter->runController(Object(App\Controllers\Login))
#2 D:\xampp\htdocs\scholarinfosystem\vendor\codeigniter4\framework\system\CodeIgniter.php(336): CodeIgniter\CodeIgniter->handleRequest(NULL, Object(Config\Cache), false)
#3 D:\xampp\htdocs\scholarinfosystem\public\index.php(37): CodeIgniter\CodeIgniter->run()
#4 D:\xampp\htdocs\scholarinfosystem\vendor\codeigniter4\framework\system\Commands\Server\rewrite.php(45): require_once('D:\\xampp\\htdocs...')
#5 {main}
CRITICAL - 2021-06-14 01:12:54 --> Call to a member function where() on string
#0 D:\xampp\htdocs\scholarinfosystem\vendor\codeigniter4\framework\system\CodeIgniter.php(928): App\Controllers\Login->index()
#1 D:\xampp\htdocs\scholarinfosystem\vendor\codeigniter4\framework\system\CodeIgniter.php(436): CodeIgniter\CodeIgniter->runController(Object(App\Controllers\Login))
#2 D:\xampp\htdocs\scholarinfosystem\vendor\codeigniter4\framework\system\CodeIgniter.php(336): CodeIgniter\CodeIgniter->handleRequest(NULL, Object(Config\Cache), false)
#3 D:\xampp\htdocs\scholarinfosystem\public\index.php(37): CodeIgniter\CodeIgniter->run()
#4 D:\xampp\htdocs\scholarinfosystem\vendor\codeigniter4\framework\system\Commands\Server\rewrite.php(45): require_once('D:\\xampp\\htdocs...')
#5 {main}
ERROR - 2021-06-14 01:14:03 --> Error connecting to the database: Access denied for user ''@'localhost' (using password: NO)
CRITICAL - 2021-06-14 01:14:03 --> Unable to connect to the database.
Main connection [MySQLi]: Access denied for user ''@'localhost' (using password: NO)
#0 D:\xampp\htdocs\scholarinfosystem\vendor\codeigniter4\framework\system\Database\BaseConnection.php(625): CodeIgniter\Database\BaseConnection->initialize()
#1 D:\xampp\htdocs\scholarinfosystem\vendor\codeigniter4\framework\system\Database\BaseBuilder.php(1881): CodeIgniter\Database\BaseConnection->query('SELECT *\nFROM `...', Array, false)
#2 D:\xampp\htdocs\scholarinfosystem\vendor\codeigniter4\framework\system\Model.php(228): CodeIgniter\Database\BaseBuilder->get()
#3 D:\xampp\htdocs\scholarinfosystem\vendor\codeigniter4\framework\system\BaseModel.php(644): CodeIgniter\Model->doFirst()
#4 D:\xampp\htdocs\scholarinfosystem\app\Controllers\Login.php(18): CodeIgniter\BaseModel->first()
#5 D:\xampp\htdocs\scholarinfosystem\vendor\codeigniter4\framework\system\CodeIgniter.php(928): App\Controllers\Login->index()
#6 D:\xampp\htdocs\scholarinfosystem\vendor\codeigniter4\framework\system\CodeIgniter.php(436): CodeIgniter\CodeIgniter->runController(Object(App\Controllers\Login))
#7 D:\xampp\htdocs\scholarinfosystem\vendor\codeigniter4\framework\system\CodeIgniter.php(336): CodeIgniter\CodeIgniter->handleRequest(NULL, Object(Config\Cache), false)
#8 D:\xampp\htdocs\scholarinfosystem\public\index.php(37): CodeIgniter\CodeIgniter->run()
#9 D:\xampp\htdocs\scholarinfosystem\vendor\codeigniter4\framework\system\Commands\Server\rewrite.php(45): require_once('D:\\xampp\\htdocs...')
#10 {main}
ERROR - 2021-06-14 01:14:48 --> Error connecting to the database: Unknown database 'scholarinfosystem'
CRITICAL - 2021-06-14 01:14:48 --> Unable to connect to the database.
Main connection [MySQLi]: Unknown database 'scholarinfosystem'
#0 D:\xampp\htdocs\scholarinfosystem\vendor\codeigniter4\framework\system\Database\BaseConnection.php(625): CodeIgniter\Database\BaseConnection->initialize()
#1 D:\xampp\htdocs\scholarinfosystem\vendor\codeigniter4\framework\system\Database\BaseBuilder.php(1881): CodeIgniter\Database\BaseConnection->query('SELECT *\nFROM `...', Array, false)
#2 D:\xampp\htdocs\scholarinfosystem\vendor\codeigniter4\framework\system\Model.php(228): CodeIgniter\Database\BaseBuilder->get()
#3 D:\xampp\htdocs\scholarinfosystem\vendor\codeigniter4\framework\system\BaseModel.php(644): CodeIgniter\Model->doFirst()
#4 D:\xampp\htdocs\scholarinfosystem\app\Controllers\Login.php(18): CodeIgniter\BaseModel->first()
#5 D:\xampp\htdocs\scholarinfosystem\vendor\codeigniter4\framework\system\CodeIgniter.php(928): App\Controllers\Login->index()
#6 D:\xampp\htdocs\scholarinfosystem\vendor\codeigniter4\framework\system\CodeIgniter.php(436): CodeIgniter\CodeIgniter->runController(Object(App\Controllers\Login))
#7 D:\xampp\htdocs\scholarinfosystem\vendor\codeigniter4\framework\system\CodeIgniter.php(336): CodeIgniter\CodeIgniter->handleRequest(NULL, Object(Config\Cache), false)
#8 D:\xampp\htdocs\scholarinfosystem\public\index.php(37): CodeIgniter\CodeIgniter->run()
#9 D:\xampp\htdocs\scholarinfosystem\vendor\codeigniter4\framework\system\Commands\Server\rewrite.php(45): require_once('D:\\xampp\\htdocs...')
#10 {main}
CRITICAL - 2021-06-14 01:23:20 --> syntax error, unexpected '}', expecting end of file
#0 D:\xampp\htdocs\scholarinfosystem\vendor\codeigniter4\framework\system\Router\Router.php(169): CodeIgniter\Router\Router->autoRoute('register')
#1 D:\xampp\htdocs\scholarinfosystem\vendor\codeigniter4\framework\system\CodeIgniter.php(809): CodeIgniter\Router\Router->handle('register')
#2 D:\xampp\htdocs\scholarinfosystem\vendor\codeigniter4\framework\system\CodeIgniter.php(389): CodeIgniter\CodeIgniter->tryToRouteIt(Object(CodeIgniter\Router\RouteCollection))
#3 D:\xampp\htdocs\scholarinfosystem\vendor\codeigniter4\framework\system\CodeIgniter.php(336): CodeIgniter\CodeIgniter->handleRequest(NULL, Object(Config\Cache), false)
#4 D:\xampp\htdocs\scholarinfosystem\public\index.php(37): CodeIgniter\CodeIgniter->run()
#5 D:\xampp\htdocs\scholarinfosystem\vendor\codeigniter4\framework\system\Commands\Server\rewrite.php(45): require_once('D:\\xampp\\htdocs...')
#6 {main}
CRITICAL - 2021-06-14 01:59:40 --> Object of class App\Models\UserModel could not be converted to string
#0 D:\xampp\htdocs\scholarinfosystem\vendor\codeigniter4\framework\system\CodeIgniter.php(928): App\Controllers\Register->index()
#1 D:\xampp\htdocs\scholarinfosystem\vendor\codeigniter4\framework\system\CodeIgniter.php(436): CodeIgniter\CodeIgniter->runController(Object(App\Controllers\Register))
#2 D:\xampp\htdocs\scholarinfosystem\vendor\codeigniter4\framework\system\CodeIgniter.php(336): CodeIgniter\CodeIgniter->handleRequest(NULL, Object(Config\Cache), false)
#3 D:\xampp\htdocs\scholarinfosystem\public\index.php(37): CodeIgniter\CodeIgniter->run()
#4 D:\xampp\htdocs\scholarinfosystem\vendor\codeigniter4\framework\system\Commands\Server\rewrite.php(45): require_once('D:\\xampp\\htdocs...')
#5 {main}
CRITICAL - 2021-06-14 02:00:04 --> Array to string conversion
#0 D:\xampp\htdocs\scholarinfosystem\app\Controllers\Register.php(26): CodeIgniter\Debug\Exceptions->errorHandler(8, 'Array to string...', 'D:\\xampp\\htdocs...', 26, Array)
#1 D:\xampp\htdocs\scholarinfosystem\vendor\codeigniter4\framework\system\CodeIgniter.php(928): App\Controllers\Register->index()
#2 D:\xampp\htdocs\scholarinfosystem\vendor\codeigniter4\framework\system\CodeIgniter.php(436): CodeIgniter\CodeIgniter->runController(Object(App\Controllers\Register))
#3 D:\xampp\htdocs\scholarinfosystem\vendor\codeigniter4\framework\system\CodeIgniter.php(336): CodeIgniter\CodeIgniter->handleRequest(NULL, Object(Config\Cache), false)
#4 D:\xampp\htdocs\scholarinfosystem\public\index.php(37): CodeIgniter\CodeIgniter->run()
#5 D:\xampp\htdocs\scholarinfosystem\vendor\codeigniter4\framework\system\Commands\Server\rewrite.php(45): require_once('D:\\xampp\\htdocs...')
#6 {main}
CRITICAL - 2021-06-14 02:00:14 --> Array to string conversion
#0 D:\xampp\htdocs\scholarinfosystem\app\Controllers\Register.php(26): CodeIgniter\Debug\Exceptions->errorHandler(8, 'Array to string...', 'D:\\xampp\\htdocs...', 26, Array)
#1 D:\xampp\htdocs\scholarinfosystem\vendor\codeigniter4\framework\system\CodeIgniter.php(928): App\Controllers\Register->index()
#2 D:\xampp\htdocs\scholarinfosystem\vendor\codeigniter4\framework\system\CodeIgniter.php(436): CodeIgniter\CodeIgniter->runController(Object(App\Controllers\Register))
#3 D:\xampp\htdocs\scholarinfosystem\vendor\codeigniter4\framework\system\CodeIgniter.php(336): CodeIgniter\CodeIgniter->handleRequest(NULL, Object(Config\Cache), false)
#4 D:\xampp\htdocs\scholarinfosystem\public\index.php(37): CodeIgniter\CodeIgniter->run()
#5 D:\xampp\htdocs\scholarinfosystem\vendor\codeigniter4\framework\system\Commands\Server\rewrite.php(45): require_once('D:\\xampp\\htdocs...')
#6 {main}
CRITICAL - 2021-06-14 02:00:17 --> Array to string conversion
#0 D:\xampp\htdocs\scholarinfosystem\app\Controllers\Register.php(26): CodeIgniter\Debug\Exceptions->errorHandler(8, 'Array to string...', 'D:\\xampp\\htdocs...', 26, Array)
#1 D:\xampp\htdocs\scholarinfosystem\vendor\codeigniter4\framework\system\CodeIgniter.php(928): App\Controllers\Register->index()
#2 D:\xampp\htdocs\scholarinfosystem\vendor\codeigniter4\framework\system\CodeIgniter.php(436): CodeIgniter\CodeIgniter->runController(Object(App\Controllers\Register))
#3 D:\xampp\htdocs\scholarinfosystem\vendor\codeigniter4\framework\system\CodeIgniter.php(336): CodeIgniter\CodeIgniter->handleRequest(NULL, Object(Config\Cache), false)
#4 D:\xampp\htdocs\scholarinfosystem\public\index.php(37): CodeIgniter\CodeIgniter->run()
#5 D:\xampp\htdocs\scholarinfosystem\vendor\codeigniter4\framework\system\Commands\Server\rewrite.php(45): require_once('D:\\xampp\\htdocs...')
#6 {main}
CRITICAL - 2021-06-14 02:00:33 --> Array to string conversion
#0 D:\xampp\htdocs\scholarinfosystem\app\Controllers\Register.php(26): CodeIgniter\Debug\Exceptions->errorHandler(8, 'Array to string...', 'D:\\xampp\\htdocs...', 26, Array)
#1 D:\xampp\htdocs\scholarinfosystem\vendor\codeigniter4\framework\system\CodeIgniter.php(928): App\Controllers\Register->index()
#2 D:\xampp\htdocs\scholarinfosystem\vendor\codeigniter4\framework\system\CodeIgniter.php(436): CodeIgniter\CodeIgniter->runController(Object(App\Controllers\Register))
#3 D:\xampp\htdocs\scholarinfosystem\vendor\codeigniter4\framework\system\CodeIgniter.php(336): CodeIgniter\CodeIgniter->handleRequest(NULL, Object(Config\Cache), false)
#4 D:\xampp\htdocs\scholarinfosystem\public\index.php(37): CodeIgniter\CodeIgniter->run()
#5 D:\xampp\htdocs\scholarinfosystem\vendor\codeigniter4\framework\system\Commands\Server\rewrite.php(45): require_once('D:\\xampp\\htdocs...')
#6 {main}
CRITICAL - 2021-06-14 02:00:40 --> Array to string conversion
#0 D:\xampp\htdocs\scholarinfosystem\app\Controllers\Register.php(26): CodeIgniter\Debug\Exceptions->errorHandler(8, 'Array to string...', 'D:\\xampp\\htdocs...', 26, Array)
#1 D:\xampp\htdocs\scholarinfosystem\vendor\codeigniter4\framework\system\CodeIgniter.php(928): App\Controllers\Register->index()
#2 D:\xampp\htdocs\scholarinfosystem\vendor\codeigniter4\framework\system\CodeIgniter.php(436): CodeIgniter\CodeIgniter->runController(Object(App\Controllers\Register))
#3 D:\xampp\htdocs\scholarinfosystem\vendor\codeigniter4\framework\system\CodeIgniter.php(336): CodeIgniter\CodeIgniter->handleRequest(NULL, Object(Config\Cache), false)
#4 D:\xampp\htdocs\scholarinfosystem\public\index.php(37): CodeIgniter\CodeIgniter->run()
#5 D:\xampp\htdocs\scholarinfosystem\vendor\codeigniter4\framework\system\Commands\Server\rewrite.php(45): require_once('D:\\xampp\\htdocs...')
#6 {main}
CRITICAL - 2021-06-14 02:01:49 --> Array to string conversion
#0 D:\xampp\htdocs\scholarinfosystem\app\Controllers\Register.php(25): CodeIgniter\Debug\Exceptions->errorHandler(8, 'Array to string...', 'D:\\xampp\\htdocs...', 25, Array)
#1 D:\xampp\htdocs\scholarinfosystem\vendor\codeigniter4\framework\system\CodeIgniter.php(928): App\Controllers\Register->index()
#2 D:\xampp\htdocs\scholarinfosystem\vendor\codeigniter4\framework\system\CodeIgniter.php(436): CodeIgniter\CodeIgniter->runController(Object(App\Controllers\Register))
#3 D:\xampp\htdocs\scholarinfosystem\vendor\codeigniter4\framework\system\CodeIgniter.php(336): CodeIgniter\CodeIgniter->handleRequest(NULL, Object(Config\Cache), false)
#4 D:\xampp\htdocs\scholarinfosystem\public\index.php(37): CodeIgniter\CodeIgniter->run()
#5 D:\xampp\htdocs\scholarinfosystem\vendor\codeigniter4\framework\system\Commands\Server\rewrite.php(45): require_once('D:\\xampp\\htdocs...')
#6 {main}
CRITICAL - 2021-06-14 02:12:00 --> Array to string conversion
#0 D:\xampp\htdocs\scholarinfosystem\app\Controllers\Register.php(18): CodeIgniter\Debug\Exceptions->errorHandler(8, 'Array to string...', 'D:\\xampp\\htdocs...', 18, Array)
#1 D:\xampp\htdocs\scholarinfosystem\vendor\codeigniter4\framework\system\CodeIgniter.php(928): App\Controllers\Register->index()
#2 D:\xampp\htdocs\scholarinfosystem\vendor\codeigniter4\framework\system\CodeIgniter.php(436): CodeIgniter\CodeIgniter->runController(Object(App\Controllers\Register))
#3 D:\xampp\htdocs\scholarinfosystem\vendor\codeigniter4\framework\system\CodeIgniter.php(336): CodeIgniter\CodeIgniter->handleRequest(NULL, Object(Config\Cache), false)
#4 D:\xampp\htdocs\scholarinfosystem\public\index.php(37): CodeIgniter\CodeIgniter->run()
#5 D:\xampp\htdocs\scholarinfosystem\vendor\codeigniter4\framework\system\Commands\Server\rewrite.php(45): require_once('D:\\xampp\\htdocs...')
#6 {main}
CRITICAL - 2021-06-14 02:41:14 --> Array to string conversion
#0 D:\xampp\htdocs\scholarinfosystem\app\Controllers\Register.php(34): CodeIgniter\Debug\Exceptions->errorHandler(8, 'Array to string...', 'D:\\xampp\\htdocs...', 34, Array)
#1 D:\xampp\htdocs\scholarinfosystem\vendor\codeigniter4\framework\system\CodeIgniter.php(928): App\Controllers\Register->index()
#2 D:\xampp\htdocs\scholarinfosystem\vendor\codeigniter4\framework\system\CodeIgniter.php(436): CodeIgniter\CodeIgniter->runController(Object(App\Controllers\Register))
#3 D:\xampp\htdocs\scholarinfosystem\vendor\codeigniter4\framework\system\CodeIgniter.php(336): CodeIgniter\CodeIgniter->handleRequest(NULL, Object(Config\Cache), false)
#4 D:\xampp\htdocs\scholarinfosystem\public\index.php(37): CodeIgniter\CodeIgniter->run()
#5 D:\xampp\htdocs\scholarinfosystem\vendor\codeigniter4\framework\system\Commands\Server\rewrite.php(45): require_once('D:\\xampp\\htdocs...')
#6 {main}
CRITICAL - 2021-06-14 02:44:55 --> Undefined property: App\Controllers\Register::$db
#0 D:\xampp\htdocs\scholarinfosystem\app\Controllers\Register.php(34): CodeIgniter\Debug\Exceptions->errorHandler(8, 'Undefined prope...', 'D:\\xampp\\htdocs...', 34, Array)
#1 D:\xampp\htdocs\scholarinfosystem\vendor\codeigniter4\framework\system\CodeIgniter.php(928): App\Controllers\Register->index()
#2 D:\xampp\htdocs\scholarinfosystem\vendor\codeigniter4\framework\system\CodeIgniter.php(436): CodeIgniter\CodeIgniter->runController(Object(App\Controllers\Register))
#3 D:\xampp\htdocs\scholarinfosystem\vendor\codeigniter4\framework\system\CodeIgniter.php(336): CodeIgniter\CodeIgniter->handleRequest(NULL, Object(Config\Cache), false)
#4 D:\xampp\htdocs\scholarinfosystem\public\index.php(37): CodeIgniter\CodeIgniter->run()
#5 D:\xampp\htdocs\scholarinfosystem\vendor\codeigniter4\framework\system\Commands\Server\rewrite.php(45): require_once('D:\\xampp\\htdocs...')
#6 {main}
CRITICAL - 2021-06-14 02:45:07 --> Call to undefined method App\Models\UserModel::error_message
#0 D:\xampp\htdocs\scholarinfosystem\app\Controllers\Register.php(34): CodeIgniter\Model->__call('error_message', Array)
#1 D:\xampp\htdocs\scholarinfosystem\vendor\codeigniter4\framework\system\CodeIgniter.php(928): App\Controllers\Register->index()
#2 D:\xampp\htdocs\scholarinfosystem\vendor\codeigniter4\framework\system\CodeIgniter.php(436): CodeIgniter\CodeIgniter->runController(Object(App\Controllers\Register))
#3 D:\xampp\htdocs\scholarinfosystem\vendor\codeigniter4\framework\system\CodeIgniter.php(336): CodeIgniter\CodeIgniter->handleRequest(NULL, Object(Config\Cache), false)
#4 D:\xampp\htdocs\scholarinfosystem\public\index.php(37): CodeIgniter\CodeIgniter->run()
#5 D:\xampp\htdocs\scholarinfosystem\vendor\codeigniter4\framework\system\Commands\Server\rewrite.php(45): require_once('D:\\xampp\\htdocs...')
#6 {main}
CRITICAL - 2021-06-14 02:46:12 --> 
#0 D:\xampp\htdocs\scholarinfosystem\vendor\codeigniter4\framework\system\CodeIgniter.php(928): App\Controllers\Register->index()
#1 D:\xampp\htdocs\scholarinfosystem\vendor\codeigniter4\framework\system\CodeIgniter.php(436): CodeIgniter\CodeIgniter->runController(Object(App\Controllers\Register))
#2 D:\xampp\htdocs\scholarinfosystem\vendor\codeigniter4\framework\system\CodeIgniter.php(336): CodeIgniter\CodeIgniter->handleRequest(NULL, Object(Config\Cache), false)
#3 D:\xampp\htdocs\scholarinfosystem\public\index.php(37): CodeIgniter\CodeIgniter->run()
#4 D:\xampp\htdocs\scholarinfosystem\vendor\codeigniter4\framework\system\Commands\Server\rewrite.php(45): require_once('D:\\xampp\\htdocs...')
#5 {main}
CRITICAL - 2021-06-14 02:47:39 --> Array to string conversion
#0 D:\xampp\htdocs\scholarinfosystem\app\Controllers\Register.php(34): CodeIgniter\Debug\Exceptions->errorHandler(8, 'Array to string...', 'D:\\xampp\\htdocs...', 34, Array)
#1 D:\xampp\htdocs\scholarinfosystem\vendor\codeigniter4\framework\system\CodeIgniter.php(928): App\Controllers\Register->index()
#2 D:\xampp\htdocs\scholarinfosystem\vendor\codeigniter4\framework\system\CodeIgniter.php(436): CodeIgniter\CodeIgniter->runController(Object(App\Controllers\Register))
#3 D:\xampp\htdocs\scholarinfosystem\vendor\codeigniter4\framework\system\CodeIgniter.php(336): CodeIgniter\CodeIgniter->handleRequest(NULL, Object(Config\Cache), false)
#4 D:\xampp\htdocs\scholarinfosystem\public\index.php(37): CodeIgniter\CodeIgniter->run()
#5 D:\xampp\htdocs\scholarinfosystem\vendor\codeigniter4\framework\system\Commands\Server\rewrite.php(45): require_once('D:\\xampp\\htdocs...')
#6 {main}
CRITICAL - 2021-06-14 02:48:56 --> Call to undefined method App\Models\UserModel::error_get_last
#0 D:\xampp\htdocs\scholarinfosystem\app\Controllers\Register.php(34): CodeIgniter\Model->__call('error_get_last', Array)
#1 D:\xampp\htdocs\scholarinfosystem\vendor\codeigniter4\framework\system\CodeIgniter.php(928): App\Controllers\Register->index()
#2 D:\xampp\htdocs\scholarinfosystem\vendor\codeigniter4\framework\system\CodeIgniter.php(436): CodeIgniter\CodeIgniter->runController(Object(App\Controllers\Register))
#3 D:\xampp\htdocs\scholarinfosystem\vendor\codeigniter4\framework\system\CodeIgniter.php(336): CodeIgniter\CodeIgniter->handleRequest(NULL, Object(Config\Cache), false)
#4 D:\xampp\htdocs\scholarinfosystem\public\index.php(37): CodeIgniter\CodeIgniter->run()
#5 D:\xampp\htdocs\scholarinfosystem\vendor\codeigniter4\framework\system\Commands\Server\rewrite.php(45): require_once('D:\\xampp\\htdocs...')
#6 {main}
CRITICAL - 2021-06-14 02:49:13 --> Call to undefined method App\Models\UserModel::error_log
#0 D:\xampp\htdocs\scholarinfosystem\app\Controllers\Register.php(34): CodeIgniter\Model->__call('error_log', Array)
#1 D:\xampp\htdocs\scholarinfosystem\vendor\codeigniter4\framework\system\CodeIgniter.php(928): App\Controllers\Register->index()
#2 D:\xampp\htdocs\scholarinfosystem\vendor\codeigniter4\framework\system\CodeIgniter.php(436): CodeIgniter\CodeIgniter->runController(Object(App\Controllers\Register))
#3 D:\xampp\htdocs\scholarinfosystem\vendor\codeigniter4\framework\system\CodeIgniter.php(336): CodeIgniter\CodeIgniter->handleRequest(NULL, Object(Config\Cache), false)
#4 D:\xampp\htdocs\scholarinfosystem\public\index.php(37): CodeIgniter\CodeIgniter->run()
#5 D:\xampp\htdocs\scholarinfosystem\vendor\codeigniter4\framework\system\Commands\Server\rewrite.php(45): require_once('D:\\xampp\\htdocs...')
#6 {main}
CRITICAL - 2021-06-14 03:15:29 --> Argument 1 passed to CodeIgniter\Validation\Validation::setRules() must be of the type array, null given, called in D:\xampp\htdocs\scholarinfosystem\vendor\codeigniter4\framework\system\Controller.php on line 183
#0 D:\xampp\htdocs\scholarinfosystem\vendor\codeigniter4\framework\system\Controller.php(183): CodeIgniter\Validation\Validation->setRules(NULL, Array)
#1 D:\xampp\htdocs\scholarinfosystem\app\Controllers\Register.php(27): CodeIgniter\Controller->validate(NULL)
#2 D:\xampp\htdocs\scholarinfosystem\vendor\codeigniter4\framework\system\CodeIgniter.php(928): App\Controllers\Register->save()
#3 D:\xampp\htdocs\scholarinfosystem\vendor\codeigniter4\framework\system\CodeIgniter.php(436): CodeIgniter\CodeIgniter->runController(Object(App\Controllers\Register))
#4 D:\xampp\htdocs\scholarinfosystem\vendor\codeigniter4\framework\system\CodeIgniter.php(336): CodeIgniter\CodeIgniter->handleRequest(NULL, Object(Config\Cache), false)
#5 D:\xampp\htdocs\scholarinfosystem\public\index.php(37): CodeIgniter\CodeIgniter->run()
#6 D:\xampp\htdocs\scholarinfosystem\vendor\codeigniter4\framework\system\Commands\Server\rewrite.php(45): require_once('D:\\xampp\\htdocs...')
#7 {main}
CRITICAL - 2021-06-14 03:35:53 --> Cannot declare class App\Controllers\Users\Dashboard, because the name is already in use
#0 [internal function]: CodeIgniter\Debug\Exceptions->shutdownHandler()
#1 {main}
CRITICAL - 2021-06-14 03:36:19 --> Cannot declare class App\Controllers\Users\Dashboard, because the name is already in use
#0 [internal function]: CodeIgniter\Debug\Exceptions->shutdownHandler()
#1 {main}
CRITICAL - 2021-06-14 03:37:36 --> Cannot declare class App\Controllers\Users\Dashboard, because the name is already in use
#0 [internal function]: CodeIgniter\Debug\Exceptions->shutdownHandler()
#1 {main}
CRITICAL - 2021-06-14 03:37:37 --> Cannot declare class App\Controllers\Users\Dashboard, because the name is already in use
#0 [internal function]: CodeIgniter\Debug\Exceptions->shutdownHandler()
#1 {main}
CRITICAL - 2021-06-14 03:39:04 --> Cannot declare class App\Controllers\Users\Dashboard, because the name is already in use
#0 [internal function]: CodeIgniter\Debug\Exceptions->shutdownHandler()
#1 {main}
CRITICAL - 2021-06-14 03:39:42 --> Cannot declare class App\Controllers\Users\Dashboard, because the name is already in use
#0 [internal function]: CodeIgniter\Debug\Exceptions->shutdownHandler()
#1 {main}
CRITICAL - 2021-06-14 03:39:46 --> Cannot declare class App\Controllers\Users\Dashboard, because the name is already in use
#0 [internal function]: CodeIgniter\Debug\Exceptions->shutdownHandler()
#1 {main}
CRITICAL - 2021-06-14 03:40:54 --> Cannot declare class App\Controllers\Users\Home, because the name is already in use
#0 [internal function]: CodeIgniter\Debug\Exceptions->shutdownHandler()
#1 {main}
CRITICAL - 2021-06-14 03:43:12 --> Cannot declare class App\Controllers\Users\Dashboard, because the name is already in use
#0 [internal function]: CodeIgniter\Debug\Exceptions->shutdownHandler()
#1 {main}
CRITICAL - 2021-06-14 03:44:41 --> Cannot declare class App\Controllers\Users\Dashboard, because the name is already in use
#0 [internal function]: CodeIgniter\Debug\Exceptions->shutdownHandler()
#1 {main}
CRITICAL - 2021-06-14 03:44:43 --> Cannot declare class App\Controllers\Users\Dashboard, because the name is already in use
#0 [internal function]: CodeIgniter\Debug\Exceptions->shutdownHandler()
#1 {main}
CRITICAL - 2021-06-14 03:44:43 --> Cannot declare class App\Controllers\Users\Dashboard, because the name is already in use
#0 [internal function]: CodeIgniter\Debug\Exceptions->shutdownHandler()
#1 {main}
CRITICAL - 2021-06-14 03:45:04 --> Cannot declare class App\Controllers\Users\Dashboard, because the name is already in use
#0 [internal function]: CodeIgniter\Debug\Exceptions->shutdownHandler()
#1 {main}
CRITICAL - 2021-06-14 03:45:51 --> Cannot declare class App\Controllers\Users\Dashboard, because the name is already in use
#0 [internal function]: CodeIgniter\Debug\Exceptions->shutdownHandler()
#1 {main}
CRITICAL - 2021-06-14 03:49:13 --> syntax error, unexpected 'public' (T_PUBLIC)
#0 D:\xampp\htdocs\scholarinfosystem\vendor\codeigniter4\framework\system\Router\Router.php(169): CodeIgniter\Router\Router->autoRoute('login/logout')
#1 D:\xampp\htdocs\scholarinfosystem\vendor\codeigniter4\framework\system\CodeIgniter.php(809): CodeIgniter\Router\Router->handle('login/logout')
#2 D:\xampp\htdocs\scholarinfosystem\vendor\codeigniter4\framework\system\CodeIgniter.php(389): CodeIgniter\CodeIgniter->tryToRouteIt(Object(CodeIgniter\Router\RouteCollection))
#3 D:\xampp\htdocs\scholarinfosystem\vendor\codeigniter4\framework\system\CodeIgniter.php(336): CodeIgniter\CodeIgniter->handleRequest(NULL, Object(Config\Cache), false)
#4 D:\xampp\htdocs\scholarinfosystem\public\index.php(37): CodeIgniter\CodeIgniter->run()
#5 D:\xampp\htdocs\scholarinfosystem\vendor\codeigniter4\framework\system\Commands\Server\rewrite.php(45): require_once('D:\\xampp\\htdocs...')
#6 {main}
CRITICAL - 2021-06-14 03:57:52 --> noauth filter must have a matching alias defined.
#0 D:\xampp\htdocs\scholarinfosystem\vendor\codeigniter4\framework\system\Filters\Filters.php(373): CodeIgniter\Filters\Exceptions\FilterException::forNoAlias('noauth')
#1 D:\xampp\htdocs\scholarinfosystem\vendor\codeigniter4\framework\system\CodeIgniter.php(398): CodeIgniter\Filters\Filters->enableFilter('noauth', 'before')
#2 D:\xampp\htdocs\scholarinfosystem\vendor\codeigniter4\framework\system\CodeIgniter.php(336): CodeIgniter\CodeIgniter->handleRequest(NULL, Object(Config\Cache), false)
#3 D:\xampp\htdocs\scholarinfosystem\public\index.php(37): CodeIgniter\CodeIgniter->run()
#4 D:\xampp\htdocs\scholarinfosystem\vendor\codeigniter4\framework\system\Commands\Server\rewrite.php(45): require_once('D:\\xampp\\htdocs...')
#5 {main}
CRITICAL - 2021-06-14 03:58:09 --> NoAuth filter must have a matching alias defined.
#0 D:\xampp\htdocs\scholarinfosystem\vendor\codeigniter4\framework\system\Filters\Filters.php(373): CodeIgniter\Filters\Exceptions\FilterException::forNoAlias('NoAuth')
#1 D:\xampp\htdocs\scholarinfosystem\vendor\codeigniter4\framework\system\CodeIgniter.php(398): CodeIgniter\Filters\Filters->enableFilter('NoAuth', 'before')
#2 D:\xampp\htdocs\scholarinfosystem\vendor\codeigniter4\framework\system\CodeIgniter.php(336): CodeIgniter\CodeIgniter->handleRequest(NULL, Object(Config\Cache), false)
#3 D:\xampp\htdocs\scholarinfosystem\public\index.php(37): CodeIgniter\CodeIgniter->run()
#4 D:\xampp\htdocs\scholarinfosystem\vendor\codeigniter4\framework\system\Commands\Server\rewrite.php(45): require_once('D:\\xampp\\htdocs...')
#5 {main}
CRITICAL - 2021-06-14 04:01:20 --> strpos() expects parameter 1 to be string, array given
#0 [internal function]: CodeIgniter\Debug\Exceptions->errorHandler(2, 'strpos() expect...', 'D:\\xampp\\htdocs...', 449, Array)
#1 D:\xampp\htdocs\scholarinfosystem\vendor\codeigniter4\framework\system\Router\Router.php(449): strpos(Array, '$')
#2 D:\xampp\htdocs\scholarinfosystem\vendor\codeigniter4\framework\system\Router\Router.php(151): CodeIgniter\Router\Router->checkRoutes('login')
#3 D:\xampp\htdocs\scholarinfosystem\vendor\codeigniter4\framework\system\CodeIgniter.php(809): CodeIgniter\Router\Router->handle('login')
#4 D:\xampp\htdocs\scholarinfosystem\vendor\codeigniter4\framework\system\CodeIgniter.php(389): CodeIgniter\CodeIgniter->tryToRouteIt(Object(CodeIgniter\Router\RouteCollection))
#5 D:\xampp\htdocs\scholarinfosystem\vendor\codeigniter4\framework\system\CodeIgniter.php(336): CodeIgniter\CodeIgniter->handleRequest(NULL, Object(Config\Cache), false)
#6 D:\xampp\htdocs\scholarinfosystem\public\index.php(37): CodeIgniter\CodeIgniter->run()
#7 D:\xampp\htdocs\scholarinfosystem\vendor\codeigniter4\framework\system\Commands\Server\rewrite.php(45): require_once('D:\\xampp\\htdocs...')
#8 {main}
CRITICAL - 2021-06-14 04:30:42 --> required  is not a valid rule.
#0 D:\xampp\htdocs\scholarinfosystem\vendor\codeigniter4\framework\system\Validation\Validation.php(321): CodeIgniter\Validation\Exceptions\ValidationException::forRuleNotFound('required ')
#1 D:\xampp\htdocs\scholarinfosystem\vendor\codeigniter4\framework\system\Validation\Validation.php(159): CodeIgniter\Validation\Validation->processRules('first_name', 'first_name', NULL, Array, Array)
#2 D:\xampp\htdocs\scholarinfosystem\vendor\codeigniter4\framework\system\Controller.php(183): CodeIgniter\Validation\Validation->run()
#3 D:\xampp\htdocs\scholarinfosystem\app\Controllers\Register.php(40): CodeIgniter\Controller->validate(Array)
#4 D:\xampp\htdocs\scholarinfosystem\vendor\codeigniter4\framework\system\CodeIgniter.php(928): App\Controllers\Register->save()
#5 D:\xampp\htdocs\scholarinfosystem\vendor\codeigniter4\framework\system\CodeIgniter.php(436): CodeIgniter\CodeIgniter->runController(Object(App\Controllers\Register))
#6 D:\xampp\htdocs\scholarinfosystem\vendor\codeigniter4\framework\system\CodeIgniter.php(336): CodeIgniter\CodeIgniter->handleRequest(NULL, Object(Config\Cache), false)
#7 D:\xampp\htdocs\scholarinfosystem\public\index.php(37): CodeIgniter\CodeIgniter->run()
#8 D:\xampp\htdocs\scholarinfosystem\vendor\codeigniter4\framework\system\Commands\Server\rewrite.php(45): require_once('D:\\xampp\\htdocs...')
#9 {main}
CRITICAL - 2021-06-14 04:32:32 --> required  is not a valid rule.
#0 D:\xampp\htdocs\scholarinfosystem\vendor\codeigniter4\framework\system\Validation\Validation.php(321): CodeIgniter\Validation\Exceptions\ValidationException::forRuleNotFound('required ')
#1 D:\xampp\htdocs\scholarinfosystem\vendor\codeigniter4\framework\system\Validation\Validation.php(159): CodeIgniter\Validation\Validation->processRules('first_name', 'first_name', NULL, Array, Array)
#2 D:\xampp\htdocs\scholarinfosystem\vendor\codeigniter4\framework\system\Controller.php(183): CodeIgniter\Validation\Validation->run()
#3 D:\xampp\htdocs\scholarinfosystem\app\Controllers\Register.php(40): CodeIgniter\Controller->validate(Array)
#4 D:\xampp\htdocs\scholarinfosystem\vendor\codeigniter4\framework\system\CodeIgniter.php(928): App\Controllers\Register->save()
#5 D:\xampp\htdocs\scholarinfosystem\vendor\codeigniter4\framework\system\CodeIgniter.php(436): CodeIgniter\CodeIgniter->runController(Object(App\Controllers\Register))
#6 D:\xampp\htdocs\scholarinfosystem\vendor\codeigniter4\framework\system\CodeIgniter.php(336): CodeIgniter\CodeIgniter->handleRequest(NULL, Object(Config\Cache), false)
#7 D:\xampp\htdocs\scholarinfosystem\public\index.php(37): CodeIgniter\CodeIgniter->run()
#8 D:\xampp\htdocs\scholarinfosystem\vendor\codeigniter4\framework\system\Commands\Server\rewrite.php(45): require_once('D:\\xampp\\htdocs...')
#9 {main}
